>>>>>>>>>>>>>>>> [['void', 'ns3::empty', 'ns3::empty', 'ns3::empty', 'ns3::empty', 'ns3::empty', 'ns3::empty', 'ns3::empty', 'ns3::empty', 'ns3::empty'], ['void', 'ns3::Ipv4Address', 'unsigned char', 'unsigned char', 'unsigned char', 'unsigned int', 'ns3::empty', 'ns3::empty', 'ns3::empty', 'ns3::empty'], ['void', 'ns3::Ptr<ns3::Packet>', 'ns3::Ipv4Header', 'unsigned short', 'ns3::Ptr<ns3::Ipv4Interface>', 'ns3::empty', 'ns3::empty', 'ns3::empty', 'ns3::empty', 'ns3::empty'], ['void', 'ns3::Ptr<ns3::Socket>', 'ns3::empty', 'ns3::empty', 'ns3::empty', 'ns3::empty', 'ns3::empty', 'ns3::empty', 'ns3::empty', 'ns3::empty'], ['void', 'ns3::Ptr<ns3::Socket>', 'unsigned int', 'ns3::empty', 'ns3::empty', 'ns3::empty', 'ns3::empty', 'ns3::empty', 'ns3::empty', 'ns3::empty'], ['void', 'ns3::Ptr<ns3::Socket>', 'ns3::Address const&', 'ns3::empty', 'ns3::empty', 'ns3::empty', 'ns3::empty', 'ns3::empty', 'ns3::empty', 'ns3::empty'], ['bool', 'ns3::Ptr<ns3::Socket>', 'ns3::Address const&', 'ns3::empty', 'ns3::empty', 'ns3::empty', 'ns3::empty', 'ns3::empty', 'ns3::empty', 'ns3::empty'], ['void', 'ns3::Ptr<ns3::Packet>', 'ns3::Ipv6Address', 'ns3::Ipv6Address', 'unsigned char', 'ns3::Ptr<ns3::Ipv6Route>', 'ns3::empty', 'ns3::empty', 'ns3::empty', 'ns3::empty'], ['void', 'ns3::Ptr<ns3::Packet>', 'ns3::Ipv4Address', 'ns3::Ipv4Address', 'unsigned char', 'ns3::Ptr<ns3::Ipv4Route>', 'ns3::empty', 'ns3::empty', 'ns3::empty', 'ns3::empty'], ['bool', 'ns3::Ptr<ns3::NetDevice>', 'ns3::Ptr<ns3::Packet const>', 'unsigned short', 'ns3::Address const&', 'ns3::Address const&', 'ns3::NetDevice::PacketType', 'ns3::empty', 'ns3::empty', 'ns3::empty'], ['bool', 'ns3::Ptr<ns3::NetDevice>', 'ns3::Ptr<ns3::Packet const>', 'unsigned short', 'ns3::Address const&', 'ns3::empty', 'ns3::empty', 'ns3::empty', 'ns3::empty', 'ns3::empty'], ['void', 'ns3::Ptr<ns3::NetDevice>', 'ns3::Ptr<ns3::Packet const>', 'unsigned short', 'ns3::Address const&', 'ns3::Address const&', 'ns3::NetDevice::PacketType', 'ns3::empty', 'ns3::empty', 'ns3::empty'], ['void', 'ns3::Ptr<ns3::ArpCache const>', 'ns3::Ipv4Address', 'ns3::empty', 'ns3::empty', 'ns3::empty', 'ns3::empty', 'ns3::empty', 'ns3::empty', 'ns3::empty']]
/media/3Tdisk/ns3-TON/ns3/ns-3.14.1/bindings/python/ns3modulegen_core_customizations.py:69: DeprecationWarning: Typo: set_tranformation -> set_transformation
  handler.set_tranformation(self, orig_ctype)
***** registering callback handler: 'ns3::Callback< void, ns3::empty, ns3::empty, ns3::empty, ns3::empty, ns3::empty, ns3::empty, ns3::empty, ns3::empty, ns3::empty >'
***** registering callback handler: 'ns3::Callback< void, ns3::Ipv4Address, unsigned char, unsigned char, unsigned char, unsigned int, ns3::empty, ns3::empty, ns3::empty, ns3::empty >'
***** registering callback handler: 'ns3::Callback< void, ns3::Ptr< ns3::Packet >, ns3::Ipv4Header, unsigned short, ns3::Ptr< ns3::Ipv4Interface >, ns3::empty, ns3::empty, ns3::empty, ns3::empty, ns3::empty >'
***** registering callback handler: 'ns3::Callback< void, ns3::Ptr< ns3::Socket >, ns3::empty, ns3::empty, ns3::empty, ns3::empty, ns3::empty, ns3::empty, ns3::empty, ns3::empty >'
***** registering callback handler: 'ns3::Callback< void, ns3::Ptr< ns3::Socket >, unsigned int, ns3::empty, ns3::empty, ns3::empty, ns3::empty, ns3::empty, ns3::empty, ns3::empty >'
/media/3Tdisk/ns3-TON/ns3/pybindgen-0.15.0.809/pybindgen/typehandlers/base.py:1059: DeprecationWarning: is_const is deprecated, put a 'const' in the C type instead.
  warnings.warn("is_const is deprecated, put a 'const' in the C type instead.", DeprecationWarning)
***** registering callback handler: 'ns3::Callback< void, ns3::Ptr< ns3::Socket >, ns3::Address const &, ns3::empty, ns3::empty, ns3::empty, ns3::empty, ns3::empty, ns3::empty, ns3::empty >'
***** registering callback handler: 'ns3::Callback< bool, ns3::Ptr< ns3::Socket >, ns3::Address const &, ns3::empty, ns3::empty, ns3::empty, ns3::empty, ns3::empty, ns3::empty, ns3::empty >'
***** registering callback handler: 'ns3::Callback< void, ns3::Ptr< ns3::Packet >, ns3::Ipv6Address, ns3::Ipv6Address, unsigned char, ns3::Ptr< ns3::Ipv6Route >, ns3::empty, ns3::empty, ns3::empty, ns3::empty >'
***** registering callback handler: 'ns3::Callback< void, ns3::Ptr< ns3::Packet >, ns3::Ipv4Address, ns3::Ipv4Address, unsigned char, ns3::Ptr< ns3::Ipv4Route >, ns3::empty, ns3::empty, ns3::empty, ns3::empty >'
***** registering callback handler: 'ns3::Callback< bool, ns3::Ptr< ns3::NetDevice >, ns3::Ptr< ns3::Packet const >, unsigned short, ns3::Address const &, ns3::Address const &, ns3::NetDevice::PacketType, ns3::empty, ns3::empty, ns3::empty >'
***** registering callback handler: 'ns3::Callback< bool, ns3::Ptr< ns3::NetDevice >, ns3::Ptr< ns3::Packet const >, unsigned short, ns3::Address const &, ns3::empty, ns3::empty, ns3::empty, ns3::empty, ns3::empty >'
***** registering callback handler: 'ns3::Callback< void, ns3::Ptr< ns3::NetDevice >, ns3::Ptr< ns3::Packet const >, unsigned short, ns3::Address const &, ns3::Address const &, ns3::NetDevice::PacketType, ns3::empty, ns3::empty, ns3::empty >'
***** registering callback handler: 'ns3::Callback< void, ns3::Ptr< ns3::ArpCache const >, ns3::Ipv4Address, ns3::empty, ns3::empty, ns3::empty, ns3::empty, ns3::empty, ns3::empty, ns3::empty >'
/media/3Tdisk/ns3-TON/ns3/ns-3.14.1/src/internet/bindings/modulegen__gcc_LP64.py:875: Warning: exception TypeConfigurationError('direction not given',) in wrapper <pybindgen.cppmethod.CppConstructor object at 0x142c150>
  cls.add_constructor([param('uint8_t', 'type'), param('uint8_t const *', 'buffer'), param('uint8_t', 'len')])
/media/3Tdisk/ns3-TON/ns3/ns-3.14.1/src/internet/bindings/modulegen__gcc_LP64.py:886: Warning: exception TypeConfigurationError('direction not given',) in wrapper public: retval? ???::CopyAllFrom (params?);
  [param('uint8_t const *', 'buffer'), param('uint8_t', 'len')])
/media/3Tdisk/ns3-TON/ns3/ns-3.14.1/src/internet/bindings/modulegen__gcc_LP64.py:891: Warning: exception TypeConfigurationError('direction not given',) in wrapper public: retval? ???::CopyAllTo (params?) const;
  is_const=True)
/media/3Tdisk/ns3-TON/ns3/ns-3.14.1/src/internet/bindings/modulegen__gcc_LP64.py:895: Warning: exception TypeConfigurationError('direction not given',) in wrapper public: retval? ???::CopyFrom (params?);
  [param('uint8_t const *', 'buffer'), param('uint8_t', 'len')])
/media/3Tdisk/ns3-TON/ns3/ns-3.14.1/src/internet/bindings/modulegen__gcc_LP64.py:900: Warning: exception TypeConfigurationError('direction not given',) in wrapper public: retval? ???::CopyTo (params?) const;
  is_const=True)
/media/3Tdisk/ns3-TON/ns3/ns-3.14.1/src/internet/bindings/modulegen__gcc_LP64.py:1189: Warning: exception TypeLookupError(['std::_List_const_iterator< ns3::AttributeConstructionList::Item >'],) in wrapper public: retval? ???::Begin (params?) const;
  is_const=True)
/media/3Tdisk/ns3-TON/ns3/ns-3.14.1/src/internet/bindings/modulegen__gcc_LP64.py:1194: Warning: exception TypeLookupError(['std::_List_const_iterator< ns3::AttributeConstructionList::Item >'],) in wrapper public: retval? ???::End (params?) const;
  is_const=True)
/media/3Tdisk/ns3-TON/ns3/ns-3.14.1/src/internet/bindings/modulegen__gcc_LP64.py:1245: Warning: exception TypeLookupError(['std::ostream *'],) in wrapper public: retval? ???::CopyData (params?) const;
  is_const=True)
/media/3Tdisk/ns3-TON/ns3/ns-3.14.1/src/internet/bindings/modulegen__gcc_LP64.py:1250: Warning: exception TypeConfigurationError('direction not given',) in wrapper public: retval? ???::CopyData (params?) const;
  is_const=True)
/media/3Tdisk/ns3-TON/ns3/ns-3.14.1/src/internet/bindings/modulegen__gcc_LP64.py:1264: Warning: exception TypeConfigurationError('direction not given',) in wrapper public: retval? ???::Deserialize (params?);
  [param('uint8_t const *', 'buffer'), param('uint32_t', 'size')])
/media/3Tdisk/ns3-TON/ns3/ns-3.14.1/src/internet/bindings/modulegen__gcc_LP64.py:1294: Warning: exception TypeLookupError(['uint8_t *'],) in wrapper public: retval? ???::PeekData (params?) const;
  is_const=True)
/media/3Tdisk/ns3-TON/ns3/ns-3.14.1/src/internet/bindings/modulegen__gcc_LP64.py:1307: Warning: exception TypeConfigurationError('direction not given',) in wrapper public: retval? ???::Serialize (params?) const;
  is_const=True)
/media/3Tdisk/ns3-TON/ns3/ns-3.14.1/src/internet/bindings/modulegen__gcc_LP64.py:1362: Warning: exception TypeConfigurationError('direction not given',) in wrapper public: retval? ???::Read (params?);
  [param('uint8_t *', 'buffer'), param('uint32_t', 'size')])
/media/3Tdisk/ns3-TON/ns3/ns-3.14.1/src/internet/bindings/modulegen__gcc_LP64.py:1406: Warning: exception TypeConfigurationError('direction not given',) in wrapper public: retval? ???::Write (params?);
  [param('uint8_t const *', 'buffer'), param('uint32_t', 'size')])
/media/3Tdisk/ns3-TON/ns3/ns-3.14.1/src/internet/bindings/modulegen__gcc_LP64.py:1601: Warning: exception TypeConfigurationError('Either caller_owns_return or self.reference_existing_object must be given',) in wrapper public: retval? ???::Find (params?) const;
  is_const=True)
/media/3Tdisk/ns3-TON/ns3/ns-3.14.1/src/internet/bindings/modulegen__gcc_LP64.py:1605: Warning: exception TypeConfigurationError('Either caller_owns_return or self.reference_existing_object must be given',) in wrapper public: retval? ???::Pop (params?);
  [])
/media/3Tdisk/ns3-TON/ns3/ns-3.14.1/src/internet/bindings/modulegen__gcc_LP64.py:1609: Warning: exception TypeConfigurationError('Missing transfer_ownership option',) in wrapper public: retval? ???::Push (params?);
  [param('ns3::SPFVertex *', 'vNew')])
/media/3Tdisk/ns3-TON/ns3/ns-3.14.1/src/internet/bindings/modulegen__gcc_LP64.py:1623: Warning: exception TypeConfigurationError('Either caller_owns_return or self.reference_existing_object must be given',) in wrapper public: retval? ???::Top (params?) const;
  is_const=True)
/media/3Tdisk/ns3-TON/ns3/ns-3.14.1/src/internet/bindings/modulegen__gcc_LP64.py:1634: Warning: exception TypeLookupError(['ns3::Ptr< ns3::EventImpl > &'],) in wrapper <pybindgen.cppmethod.CppConstructor object at 0x16cc050>
  cls.add_constructor([param('ns3::Ptr< ns3::EventImpl > const &', 'impl'), param('uint64_t', 'ts'), param('uint32_t', 'context'), param('uint32_t', 'uid')])
/media/3Tdisk/ns3-TON/ns3/ns-3.14.1/src/internet/bindings/modulegen__gcc_LP64.py:1668: Warning: exception TypeConfigurationError('Either caller_owns_return or self.reference_existing_object must be given',) in wrapper public: retval? ???::PeekEventImpl (params?) const;
  is_const=True)
/media/3Tdisk/ns3-TON/ns3/pybindgen-0.15.0.809/pybindgen/settings.py:84: DeprecationWarning: The option pybindgen.settings.deprecated_virtuals has not been set.  I am going to assume the value of False, change it to True if it breaks your APIs. The option will eventually disappear (the deprecated behaviour will eventually disappear).
  DeprecationWarning)
/media/3Tdisk/ns3-TON/ns3/ns-3.14.1/src/internet/bindings/modulegen__gcc_LP64.py:1715: Warning: exception TypeConfigurationError('Missing transfer_ownership option',) in wrapper public: retval? ???::DebugUseLsdb (params?);
  [param('ns3::GlobalRouteManagerLSDB *', 'arg0')])
/media/3Tdisk/ns3-TON/ns3/ns-3.14.1/src/internet/bindings/modulegen__gcc_LP64.py:1728: Warning: exception TypeConfigurationError('Missing transfer_ownership option',) in wrapper public: retval? ???::Insert (params?);
  [param('ns3::Ipv4Address', 'addr'), param('ns3::GlobalRoutingLSA *', 'lsa')])
/media/3Tdisk/ns3-TON/ns3/ns-3.14.1/src/internet/bindings/modulegen__gcc_LP64.py:1733: Warning: exception TypeConfigurationError('Either caller_owns_return or self.reference_existing_object must be given',) in wrapper public: retval? ???::GetLSA (params?) const;
  is_const=True)
/media/3Tdisk/ns3-TON/ns3/ns-3.14.1/src/internet/bindings/modulegen__gcc_LP64.py:1738: Warning: exception TypeConfigurationError('Either caller_owns_return or self.reference_existing_object must be given',) in wrapper public: retval? ???::GetLSAByLinkData (params?) const;
  is_const=True)
/media/3Tdisk/ns3-TON/ns3/ns-3.14.1/src/internet/bindings/modulegen__gcc_LP64.py:1747: Warning: exception TypeConfigurationError('Either caller_owns_return or self.reference_existing_object must be given',) in wrapper public: retval? ???::GetExtLSA (params?) const;
  is_const=True)
/media/3Tdisk/ns3-TON/ns3/ns-3.14.1/src/internet/bindings/modulegen__gcc_LP64.py:1770: Warning: exception TypeConfigurationError('Missing transfer_ownership option',) in wrapper public: retval? ???::AddLinkRecord (params?);
  [param('ns3::GlobalRoutingLinkRecord *', 'lr')])
/media/3Tdisk/ns3-TON/ns3/ns-3.14.1/src/internet/bindings/modulegen__gcc_LP64.py:1798: Warning: exception TypeConfigurationError('Either caller_owns_return or self.reference_existing_object must be given',) in wrapper public: retval? ???::GetLinkRecord (params?) const;
  is_const=True)
/media/3Tdisk/ns3-TON/ns3/ns-3.14.1/src/internet/bindings/modulegen__gcc_LP64.py:1838: Warning: exception TypeLookupError(['std::ostream &'],) in wrapper public: retval? ???::Print (params?) const;
  is_const=True)
/media/3Tdisk/ns3-TON/ns3/ns-3.14.1/src/internet/bindings/modulegen__gcc_LP64.py:1986: Warning: exception TypeConfigurationError('direction not given',) in wrapper public: retval? ???::Deserialize (params?);
  is_static=True)
/media/3Tdisk/ns3-TON/ns3/ns-3.14.1/src/internet/bindings/modulegen__gcc_LP64.py:2051: Warning: exception TypeLookupError(['std::ostream &'],) in wrapper public: retval? ???::Print (params?) const;
  is_const=True)
/media/3Tdisk/ns3-TON/ns3/ns-3.14.1/src/internet/bindings/modulegen__gcc_LP64.py:2056: Warning: exception TypeConfigurationError('direction not given',) in wrapper public: retval? ???::Serialize (params?) const;
  is_const=True)
/media/3Tdisk/ns3-TON/ns3/ns-3.14.1/src/internet/bindings/modulegen__gcc_LP64.py:2280: Warning: exception TypeLookupError(['std::pair< ns3::Ptr< ns3::Ipv4 >, unsigned int >'],) in wrapper public: retval? ???::Add (params?);
  [param('std::pair< ns3::Ptr< ns3::Ipv4 >, unsigned int >', 'ipInterfacePair')])
/media/3Tdisk/ns3-TON/ns3/ns-3.14.1/src/internet/bindings/modulegen__gcc_LP64.py:2289: Warning: exception TypeLookupError(['__gnu_cxx::__normal_iterator< std::pair< ns3::Ptr< ns3::Ipv4 >, unsigned int > const, std::vector< std::pair< ns3::Ptr< ns3::Ipv4 >, unsigned int > > >'],) in wrapper public: retval? ???::Begin (params?) const;
  is_const=True)
/media/3Tdisk/ns3-TON/ns3/ns-3.14.1/src/internet/bindings/modulegen__gcc_LP64.py:2294: Warning: exception TypeLookupError(['__gnu_cxx::__normal_iterator< std::pair< ns3::Ptr< ns3::Ipv4 >, unsigned int > const, std::vector< std::pair< ns3::Ptr< ns3::Ipv4 >, unsigned int > > >'],) in wrapper public: retval? ???::End (params?) const;
  is_const=True)
/media/3Tdisk/ns3-TON/ns3/ns-3.14.1/src/internet/bindings/modulegen__gcc_LP64.py:2299: Warning: exception TypeLookupError(['std::pair< ns3::Ptr< ns3::Ipv4 >, unsigned int >'],) in wrapper public: retval? ???::Get (params?) const;
  is_const=True)
/media/3Tdisk/ns3-TON/ns3/ns-3.14.1/src/internet/bindings/modulegen__gcc_LP64.py:2372: Warning: exception TypeLookupError(['std::ostream &'],) in wrapper public: retval? ???::Print (params?) const;
  is_const=True)
/media/3Tdisk/ns3-TON/ns3/ns-3.14.1/src/internet/bindings/modulegen__gcc_LP64.py:2433: Warning: exception TypeConfigurationError('Either caller_owns_return or self.reference_existing_object must be given',) in wrapper public: virtual retval? ???::Copy (params?) const = 0;
  is_pure_virtual=True, is_const=True, is_virtual=True)
/media/3Tdisk/ns3-TON/ns3/ns-3.14.1/src/internet/bindings/modulegen__gcc_LP64.py:2550: Warning: exception TypeConfigurationError('Either caller_owns_return or self.reference_existing_object must be given',) in wrapper public: virtual retval? ???::Copy (params?) const;
  is_const=True, is_virtual=True)
/media/3Tdisk/ns3-TON/ns3/ns-3.14.1/src/internet/bindings/modulegen__gcc_LP64.py:2605: Warning: exception TypeConfigurationError('direction not given',) in wrapper <pybindgen.cppmethod.CppConstructor object at 0x1aeb710>
  cls.add_constructor([param('uint8_t *', 'address')])
/media/3Tdisk/ns3-TON/ns3/ns-3.14.1/src/internet/bindings/modulegen__gcc_LP64.py:2623: Warning: exception TypeConfigurationError('direction not given',) in wrapper public: retval? ???::Deserialize (params?);
  is_static=True)
/media/3Tdisk/ns3-TON/ns3/ns-3.14.1/src/internet/bindings/modulegen__gcc_LP64.py:2648: Warning: exception TypeConfigurationError('direction not given',) in wrapper public: retval? ???::GetBytes (params?) const;
  is_const=True)
/media/3Tdisk/ns3-TON/ns3/ns-3.14.1/src/internet/bindings/modulegen__gcc_LP64.py:2752: Warning: exception TypeLookupError(['std::ostream &'],) in wrapper public: retval? ???::Print (params?) const;
  is_const=True)
/media/3Tdisk/ns3-TON/ns3/ns-3.14.1/src/internet/bindings/modulegen__gcc_LP64.py:2757: Warning: exception TypeConfigurationError('direction not given',) in wrapper public: retval? ???::Serialize (params?) const;
  is_const=True)
/media/3Tdisk/ns3-TON/ns3/ns-3.14.1/src/internet/bindings/modulegen__gcc_LP64.py:2765: Warning: exception TypeConfigurationError('direction not given',) in wrapper public: retval? ???::Set (params?);
  [param('uint8_t *', 'address')])
/media/3Tdisk/ns3-TON/ns3/ns-3.14.1/src/internet/bindings/modulegen__gcc_LP64.py:2938: Warning: exception TypeLookupError(['__gnu_cxx::__normal_iterator< std::pair< ns3::Ptr< ns3::Ipv6 >, unsigned int > const, std::vector< std::pair< ns3::Ptr< ns3::Ipv6 >, unsigned int > > >'],) in wrapper public: retval? ???::Begin (params?) const;
  is_const=True)
/media/3Tdisk/ns3-TON/ns3/ns-3.14.1/src/internet/bindings/modulegen__gcc_LP64.py:2943: Warning: exception TypeLookupError(['__gnu_cxx::__normal_iterator< std::pair< ns3::Ptr< ns3::Ipv6 >, unsigned int > const, std::vector< std::pair< ns3::Ptr< ns3::Ipv6 >, unsigned int > > >'],) in wrapper public: retval? ???::End (params?) const;
  is_const=True)
/media/3Tdisk/ns3-TON/ns3/ns-3.14.1/src/internet/bindings/modulegen__gcc_LP64.py:3021: Warning: exception TypeConfigurationError('direction not given',) in wrapper <pybindgen.cppmethod.CppConstructor object at 0x1c162d0>
  cls.add_constructor([param('uint8_t *', 'prefix')])
/media/3Tdisk/ns3-TON/ns3/ns-3.14.1/src/internet/bindings/modulegen__gcc_LP64.py:3034: Warning: exception TypeConfigurationError('direction not given',) in wrapper public: retval? ???::GetBytes (params?) const;
  is_const=True)
/media/3Tdisk/ns3-TON/ns3/ns-3.14.1/src/internet/bindings/modulegen__gcc_LP64.py:3069: Warning: exception TypeLookupError(['std::ostream &'],) in wrapper public: retval? ???::Print (params?) const;
  is_const=True)
/media/3Tdisk/ns3-TON/ns3/ns-3.14.1/src/internet/bindings/modulegen__gcc_LP64.py:3081: Warning: exception TypeConfigurationError('Either caller_owns_return or self.reference_existing_object must be given',) in wrapper public: virtual retval? ???::Copy (params?) const = 0;
  is_pure_virtual=True, is_const=True, is_virtual=True)
/media/3Tdisk/ns3-TON/ns3/ns-3.14.1/src/internet/bindings/modulegen__gcc_LP64.py:3212: Warning: exception TypeConfigurationError('Either caller_owns_return or self.reference_existing_object must be given',) in wrapper public: virtual retval? ???::Copy (params?) const;
  is_const=True, is_virtual=True)
/media/3Tdisk/ns3-TON/ns3/ns-3.14.1/src/internet/bindings/modulegen__gcc_LP64.py:3265: Warning: exception TypeConfigurationError('direction not given',) in wrapper public: retval? ???::CopyFrom (params?);
  [param('uint8_t const *', 'buffer')])
/media/3Tdisk/ns3-TON/ns3/ns-3.14.1/src/internet/bindings/modulegen__gcc_LP64.py:3270: Warning: exception TypeConfigurationError('direction not given',) in wrapper public: retval? ???::CopyTo (params?) const;
  is_const=True)
/media/3Tdisk/ns3-TON/ns3/ns-3.14.1/src/internet/bindings/modulegen__gcc_LP64.py:3340: Warning: exception TypeLookupError(['__gnu_cxx::__normal_iterator< ns3::Ptr< ns3::NetDevice > const, std::vector< ns3::Ptr< ns3::NetDevice > > >'],) in wrapper public: retval? ???::Begin (params?) const;
  is_const=True)
/media/3Tdisk/ns3-TON/ns3/ns-3.14.1/src/internet/bindings/modulegen__gcc_LP64.py:3345: Warning: exception TypeLookupError(['__gnu_cxx::__normal_iterator< ns3::Ptr< ns3::NetDevice > const, std::vector< ns3::Ptr< ns3::NetDevice > > >'],) in wrapper public: retval? ???::End (params?) const;
  is_const=True)
/media/3Tdisk/ns3-TON/ns3/ns-3.14.1/src/internet/bindings/modulegen__gcc_LP64.py:3391: Warning: exception TypeLookupError(['__gnu_cxx::__normal_iterator< ns3::Ptr< ns3::Node > const, std::vector< ns3::Ptr< ns3::Node > > >'],) in wrapper public: retval? ???::Begin (params?) const;
  is_const=True)
/media/3Tdisk/ns3-TON/ns3/ns-3.14.1/src/internet/bindings/modulegen__gcc_LP64.py:3404: Warning: exception TypeLookupError(['__gnu_cxx::__normal_iterator< ns3::Ptr< ns3::Node > const, std::vector< ns3::Ptr< ns3::Node > > >'],) in wrapper public: retval? ???::End (params?) const;
  is_const=True)
/media/3Tdisk/ns3-TON/ns3/ns-3.14.1/src/internet/bindings/modulegen__gcc_LP64.py:3492: Warning: exception TypeConfigurationError('Missing transfer_ownership option',) in wrapper public: retval? ???::Delete (params?);
  is_static=True)
/media/3Tdisk/ns3-TON/ns3/ns-3.14.1/src/internet/bindings/modulegen__gcc_LP64.py:3598: Warning: exception TypeConfigurationError('direction not given',) in wrapper public: retval? ???::Deserialize (params?);
  [param('uint8_t const *', 'buffer'), param('uint32_t', 'size')])
/media/3Tdisk/ns3-TON/ns3/ns-3.14.1/src/internet/bindings/modulegen__gcc_LP64.py:3639: Warning: exception TypeConfigurationError('direction not given',) in wrapper public: retval? ???::Serialize (params?) const;
  is_const=True)
bindings/python/ns3modulegen-modular.py:27: UserWarning: exception TypeLookupError(['uint8_t [ 20 ]'],) in wrapper None
  warnings.warn("exception %r in wrapper %s" % (exception, wrapper))
bindings/python/ns3modulegen-modular.py:27: UserWarning: exception TypeConfigurationError('Either caller_owns_return or self.reference_existing_object must be given',) in wrapper None
  warnings.warn("exception %r in wrapper %s" % (exception, wrapper))
/media/3Tdisk/ns3-TON/ns3/ns-3.14.1/src/internet/bindings/modulegen__gcc_LP64.py:3766: Warning: exception TypeLookupError(['uint32_t &'],) in wrapper public: retval? ???::Diff (params?);
  is_static=True)
/media/3Tdisk/ns3-TON/ns3/ns-3.14.1/src/internet/bindings/modulegen__gcc_LP64.py:3820: Warning: exception TypeConfigurationError('direction not given',) in wrapper public: retval? ???::Read (params?);
  [param('uint8_t * const', 'data'), param('uint32_t', 'maxBytes'), param('uint32_t &', 'tsSec'), param('uint32_t &', 'tsUsec'), param('uint32_t &', 'inclLen'), param('uint32_t &', 'origLen'), param('uint32_t &', 'readLen')])
/media/3Tdisk/ns3-TON/ns3/ns-3.14.1/src/internet/bindings/modulegen__gcc_LP64.py:3824: Warning: exception TypeConfigurationError('direction not given',) in wrapper public: retval? ???::Write (params?);
  [param('uint32_t', 'tsSec'), param('uint32_t', 'tsUsec'), param('uint8_t const * const', 'data'), param('uint32_t', 'totalLen')])
/media/3Tdisk/ns3-TON/ns3/ns-3.14.1/src/internet/bindings/modulegen__gcc_LP64.py:3988: Warning: exception TypeConfigurationError('Missing transfer_ownership option',) in wrapper <pybindgen.cppmethod.CppConstructor object at 0x211af10>
  cls.add_constructor([param('ns3::GlobalRoutingLSA *', 'lsa')])
/media/3Tdisk/ns3-TON/ns3/ns-3.14.1/src/internet/bindings/modulegen__gcc_LP64.py:4011: Warning: exception TypeConfigurationError('Either caller_owns_return or self.reference_existing_object must be given',) in wrapper public: retval? ???::GetLSA (params?) const;
  is_const=True)
/media/3Tdisk/ns3-TON/ns3/ns-3.14.1/src/internet/bindings/modulegen__gcc_LP64.py:4015: Warning: exception TypeConfigurationError('Missing transfer_ownership option',) in wrapper public: retval? ???::SetLSA (params?);
  [param('ns3::GlobalRoutingLSA *', 'lsa')])
/media/3Tdisk/ns3-TON/ns3/ns-3.14.1/src/internet/bindings/modulegen__gcc_LP64.py:4032: Warning: exception TypeLookupError(['std::pair< ns3::Ipv4Address, int >'],) in wrapper public: retval? ???::SetRootExitDirection (params?);
  [param('std::pair< ns3::Ipv4Address, int >', 'exit')])
/media/3Tdisk/ns3-TON/ns3/ns-3.14.1/src/internet/bindings/modulegen__gcc_LP64.py:4037: Warning: exception TypeLookupError(['std::pair< ns3::Ipv4Address, int >'],) in wrapper public: retval? ???::GetRootExitDirection (params?) const;
  is_const=True)
/media/3Tdisk/ns3-TON/ns3/ns-3.14.1/src/internet/bindings/modulegen__gcc_LP64.py:4042: Warning: exception TypeLookupError(['std::pair< ns3::Ipv4Address, int >'],) in wrapper public: retval? ???::GetRootExitDirection (params?) const;
  is_const=True)
/media/3Tdisk/ns3-TON/ns3/ns-3.14.1/src/internet/bindings/modulegen__gcc_LP64.py:4060: Warning: exception TypeConfigurationError('Either caller_owns_return or self.reference_existing_object must be given',) in wrapper public: retval? ???::GetParent (params?) const;
  is_const=True)
/media/3Tdisk/ns3-TON/ns3/ns-3.14.1/src/internet/bindings/modulegen__gcc_LP64.py:4064: Warning: exception TypeConfigurationError('Missing transfer_ownership option',) in wrapper public: retval? ???::SetParent (params?);
  [param('ns3::SPFVertex *', 'parent')])
/media/3Tdisk/ns3-TON/ns3/ns-3.14.1/src/internet/bindings/modulegen__gcc_LP64.py:4078: Warning: exception TypeConfigurationError('Either caller_owns_return or self.reference_existing_object must be given',) in wrapper public: retval? ???::GetChild (params?) const;
  is_const=True)
/media/3Tdisk/ns3-TON/ns3/ns-3.14.1/src/internet/bindings/modulegen__gcc_LP64.py:4082: Warning: exception TypeConfigurationError('Missing transfer_ownership option',) in wrapper public: retval? ???::AddChild (params?);
  [param('ns3::SPFVertex *', 'child')])
/media/3Tdisk/ns3-TON/ns3/ns-3.14.1/src/internet/bindings/modulegen__gcc_LP64.py:4203: Warning: exception TypeLookupError(['ns3::Ptr< ns3::SimulatorImpl >', 'ns3::SimulatorImpl *'],) in wrapper public: retval? ???::GetImplementation (params?);
  is_static=True)
/media/3Tdisk/ns3-TON/ns3/ns-3.14.1/src/internet/bindings/modulegen__gcc_LP64.py:4238: Warning: exception TypeLookupError(['ns3::Ptr< ns3::SimulatorImpl >', 'ns3::SimulatorImpl *'],) in wrapper public: retval? ???::SetImplementation (params?);
  is_static=True)
/media/3Tdisk/ns3-TON/ns3/ns-3.14.1/src/internet/bindings/modulegen__gcc_LP64.py:4280: Warning: exception TypeLookupError(['std::ostream &'],) in wrapper public: virtual retval? ???::Print (params?) const = 0;
  is_pure_virtual=True, is_const=True, is_virtual=True)
/media/3Tdisk/ns3-TON/ns3/ns-3.14.1/src/internet/bindings/modulegen__gcc_LP64.py:4292: Warning: exception TypeConfigurationError('direction not given',) in wrapper <pybindgen.cppmethod.CppConstructor object at 0x222ead0>
  cls.add_constructor([param('uint8_t *', 'start'), param('uint8_t *', 'end')])
/media/3Tdisk/ns3-TON/ns3/ns-3.14.1/src/internet/bindings/modulegen__gcc_LP64.py:4300: Warning: exception TypeConfigurationError('direction not given',) in wrapper public: retval? ???::Read (params?);
  [param('uint8_t *', 'buffer'), param('uint32_t', 'size')])
/media/3Tdisk/ns3-TON/ns3/ns-3.14.1/src/internet/bindings/modulegen__gcc_LP64.py:4328: Warning: exception TypeConfigurationError('direction not given',) in wrapper public: retval? ???::Write (params?);
  [param('uint8_t const *', 'buffer'), param('uint32_t', 'size')])
/media/3Tdisk/ns3-TON/ns3/ns-3.14.1/src/internet/bindings/modulegen__gcc_LP64.py:4486: Warning: exception TypeLookupError(['ns3::Callback< ns3::ObjectBase *, ns3::empty, ns3::empty, ns3::empty, ns3::empty, ns3::empty, ns3::empty, ns3::empty, ns3::empty, ns3::empty >'],) in wrapper public: retval? ???::GetConstructor (params?) const;
  is_const=True)
bindings/python/ns3modulegen-modular.py:27: UserWarning: exception TypeLookupError(['short unsigned int'],) in wrapper None
  warnings.warn("exception %r in wrapper %s" % (exception, wrapper))
/media/3Tdisk/ns3-TON/ns3/ns-3.14.1/src/internet/bindings/modulegen__gcc_LP64.py:4804: Warning: exception TypeLookupError(['std::ostream &'],) in wrapper public: virtual retval? ???::Print (params?) const = 0;
  is_pure_virtual=True, is_const=True, is_virtual=True)
/media/3Tdisk/ns3-TON/ns3/ns-3.14.1/src/internet/bindings/modulegen__gcc_LP64.py:4912: Warning: exception TypeLookupError(['std::ostream &'],) in wrapper public: virtual retval? ???::Print (params?) const = 0;
  is_pure_virtual=True, is_const=True, is_virtual=True)
/media/3Tdisk/ns3-TON/ns3/ns-3.14.1/src/internet/bindings/modulegen__gcc_LP64.py:4929: Warning: exception TypeConfigurationError('direction not given',) in wrapper public: retval? ???::GetData (params?) const;
  is_const=True)
/media/3Tdisk/ns3-TON/ns3/ns-3.14.1/src/internet/bindings/modulegen__gcc_LP64.py:4976: Warning: exception TypeLookupError(['std::ostream &'],) in wrapper private: virtual retval? ???::Print (params?) const;
  is_const=True, visibility='private', is_virtual=True)
/media/3Tdisk/ns3-TON/ns3/ns-3.14.1/src/internet/bindings/modulegen__gcc_LP64.py:4998: Warning: exception TypeConfigurationError('direction not given',) in wrapper public: retval? ???::GetData (params?) const;
  is_const=True)
/media/3Tdisk/ns3-TON/ns3/ns-3.14.1/src/internet/bindings/modulegen__gcc_LP64.py:5033: Warning: exception TypeLookupError(['std::ostream &'],) in wrapper public: virtual retval? ???::Print (params?) const;
  is_const=True, is_virtual=True)
/media/3Tdisk/ns3-TON/ns3/ns-3.14.1/src/internet/bindings/modulegen__gcc_LP64.py:5096: Warning: exception TypeLookupError(['std::ostream &'],) in wrapper public: virtual retval? ???::Print (params?) const;
  is_const=True, is_virtual=True)
/media/3Tdisk/ns3-TON/ns3/ns-3.14.1/src/internet/bindings/modulegen__gcc_LP64.py:5126: Warning: exception TypeConfigurationError('direction not given',) in wrapper public: retval? ???::GetData (params?) const;
  is_const=True)
/media/3Tdisk/ns3-TON/ns3/ns-3.14.1/src/internet/bindings/modulegen__gcc_LP64.py:5151: Warning: exception TypeLookupError(['std::ostream &'],) in wrapper public: virtual retval? ???::Print (params?) const;
  is_const=True, is_virtual=True)
/media/3Tdisk/ns3-TON/ns3/ns-3.14.1/src/internet/bindings/modulegen__gcc_LP64.py:5215: Warning: exception TypeLookupError(['std::ostream &'],) in wrapper public: virtual retval? ???::Print (params?) const;
  is_const=True, is_virtual=True)
/media/3Tdisk/ns3-TON/ns3/ns-3.14.1/src/internet/bindings/modulegen__gcc_LP64.py:5289: Warning: exception TypeLookupError(['std::ostream &'],) in wrapper public: virtual retval? ???::Print (params?) const;
  is_const=True, is_virtual=True)
/media/3Tdisk/ns3-TON/ns3/ns-3.14.1/src/internet/bindings/modulegen__gcc_LP64.py:5358: Warning: exception TypeLookupError(['std::ostream &'],) in wrapper public: virtual retval? ???::Print (params?) const;
  is_const=True, is_virtual=True)
/media/3Tdisk/ns3-TON/ns3/ns-3.14.1/src/internet/bindings/modulegen__gcc_LP64.py:5413: Warning: exception TypeLookupError(['std::ostream &'],) in wrapper public: virtual retval? ???::Print (params?) const;
  is_const=True, is_virtual=True)
/media/3Tdisk/ns3-TON/ns3/ns-3.14.1/src/internet/bindings/modulegen__gcc_LP64.py:5467: Warning: exception TypeLookupError(['std::ostream &'],) in wrapper public: virtual retval? ???::Print (params?) const;
  is_const=True, is_virtual=True)
/media/3Tdisk/ns3-TON/ns3/ns-3.14.1/src/internet/bindings/modulegen__gcc_LP64.py:5520: Warning: exception TypeLookupError(['std::ostream &'],) in wrapper public: virtual retval? ???::Print (params?) const;
  is_const=True, is_virtual=True)
/media/3Tdisk/ns3-TON/ns3/ns-3.14.1/src/internet/bindings/modulegen__gcc_LP64.py:5597: Warning: exception TypeLookupError(['std::ostream &'],) in wrapper public: virtual retval? ???::Print (params?) const;
  is_const=True, is_virtual=True)
/media/3Tdisk/ns3-TON/ns3/ns-3.14.1/src/internet/bindings/modulegen__gcc_LP64.py:5663: Warning: exception TypeLookupError(['std::ostream &'],) in wrapper public: virtual retval? ???::Print (params?) const;
  is_const=True, is_virtual=True)
/media/3Tdisk/ns3-TON/ns3/ns-3.14.1/src/internet/bindings/modulegen__gcc_LP64.py:5714: Warning: exception TypeLookupError(['std::ostream &'],) in wrapper public: virtual retval? ???::Print (params?) const;
  is_const=True, is_virtual=True)
/media/3Tdisk/ns3-TON/ns3/ns-3.14.1/src/internet/bindings/modulegen__gcc_LP64.py:5799: Warning: exception TypeLookupError(['std::ostream &'],) in wrapper public: virtual retval? ???::Print (params?) const;
  is_const=True, is_virtual=True)
/media/3Tdisk/ns3-TON/ns3/ns-3.14.1/src/internet/bindings/modulegen__gcc_LP64.py:5873: Warning: exception TypeLookupError(['std::ostream &'],) in wrapper public: virtual retval? ???::Print (params?) const;
  is_const=True, is_virtual=True)
/media/3Tdisk/ns3-TON/ns3/ns-3.14.1/src/internet/bindings/modulegen__gcc_LP64.py:5929: Warning: exception TypeLookupError(['std::ostream &'],) in wrapper public: virtual retval? ???::Print (params?) const;
  is_const=True, is_virtual=True)
/media/3Tdisk/ns3-TON/ns3/ns-3.14.1/src/internet/bindings/modulegen__gcc_LP64.py:5983: Warning: exception TypeLookupError(['std::ostream &'],) in wrapper public: virtual retval? ???::Print (params?) const;
  is_const=True, is_virtual=True)
/media/3Tdisk/ns3-TON/ns3/ns-3.14.1/src/internet/bindings/modulegen__gcc_LP64.py:6034: Warning: exception TypeLookupError(['std::ostream &'],) in wrapper public: virtual retval? ???::Print (params?) const;
  is_const=True, is_virtual=True)
/media/3Tdisk/ns3-TON/ns3/ns-3.14.1/src/internet/bindings/modulegen__gcc_LP64.py:6141: Warning: exception TypeConfigurationError('Either caller_owns_return or self.reference_existing_object must be given',) in wrapper public: virtual retval? ???::Copy (params?) const;
  is_const=True, is_virtual=True)
/media/3Tdisk/ns3-TON/ns3/ns-3.14.1/src/internet/bindings/modulegen__gcc_LP64.py:6267: Warning: exception TypeLookupError(['std::ostream &'],) in wrapper public: virtual retval? ???::Print (params?) const;
  is_const=True, is_virtual=True)
/media/3Tdisk/ns3-TON/ns3/ns-3.14.1/src/internet/bindings/modulegen__gcc_LP64.py:6340: Warning: exception TypeConfigurationError('Either caller_owns_return or self.reference_existing_object must be given',) in wrapper public: virtual retval? ???::Copy (params?) const;
  is_const=True, is_virtual=True)
/media/3Tdisk/ns3-TON/ns3/ns-3.14.1/src/internet/bindings/modulegen__gcc_LP64.py:6401: Warning: exception TypeLookupError(['std::ostream &'],) in wrapper public: virtual retval? ???::Print (params?) const;
  is_const=True, is_virtual=True)
/media/3Tdisk/ns3-TON/ns3/ns-3.14.1/src/internet/bindings/modulegen__gcc_LP64.py:6464: Warning: exception TypeLookupError(['std::ostream &'],) in wrapper public: virtual retval? ???::Print (params?) const;
  is_const=True, is_virtual=True)
/media/3Tdisk/ns3-TON/ns3/ns-3.14.1/src/internet/bindings/modulegen__gcc_LP64.py:6509: Warning: exception TypeLookupError(['std::ostream &'],) in wrapper public: virtual retval? ???::Print (params?) const;
  is_const=True, is_virtual=True)
/media/3Tdisk/ns3-TON/ns3/ns-3.14.1/src/internet/bindings/modulegen__gcc_LP64.py:6556: Warning: exception TypeLookupError(['std::ostream &'],) in wrapper public: virtual retval? ???::Print (params?) const;
  is_const=True, is_virtual=True)
/media/3Tdisk/ns3-TON/ns3/ns-3.14.1/src/internet/bindings/modulegen__gcc_LP64.py:6636: Warning: exception TypeLookupError(['std::ostream &'],) in wrapper public: virtual retval? ???::Print (params?) const;
  is_const=True, is_virtual=True)
/media/3Tdisk/ns3-TON/ns3/ns-3.14.1/src/internet/bindings/modulegen__gcc_LP64.py:6681: Warning: exception TypeConfigurationError('Either caller_owns_return or self.reference_existing_object must be given',) in wrapper public: virtual retval? ???::Copy (params?) const;
  is_const=True, is_virtual=True)
/media/3Tdisk/ns3-TON/ns3/ns-3.14.1/src/internet/bindings/modulegen__gcc_LP64.py:6737: Warning: exception TypeLookupError(['std::ostream &'],) in wrapper public: virtual retval? ???::Print (params?) const;
  is_const=True, is_virtual=True)
/media/3Tdisk/ns3-TON/ns3/ns-3.14.1/src/internet/bindings/modulegen__gcc_LP64.py:6803: Warning: exception TypeLookupError(['std::ostream &'],) in wrapper public: virtual retval? ???::Print (params?) const;
  is_const=True, is_virtual=True)
/media/3Tdisk/ns3-TON/ns3/ns-3.14.1/src/internet/bindings/modulegen__gcc_LP64.py:6844: Warning: exception TypeLookupError(['std::ostream &'],) in wrapper public: virtual retval? ???::Print (params?) const;
  is_const=True, is_virtual=True)
/media/3Tdisk/ns3-TON/ns3/ns-3.14.1/src/internet/bindings/modulegen__gcc_LP64.py:6881: Warning: exception TypeLookupError(['std::ostream &'],) in wrapper public: virtual retval? ???::Print (params?) const;
  is_const=True, is_virtual=True)
/media/3Tdisk/ns3-TON/ns3/ns-3.14.1/src/internet/bindings/modulegen__gcc_LP64.py:6928: Warning: exception TypeLookupError(['std::ostream &'],) in wrapper public: virtual retval? ???::Print (params?) const;
  is_const=True, is_virtual=True)
/media/3Tdisk/ns3-TON/ns3/ns-3.14.1/src/internet/bindings/modulegen__gcc_LP64.py:6989: Warning: exception TypeLookupError(['std::ostream &'],) in wrapper public: virtual retval? ???::Print (params?) const;
  is_const=True, is_virtual=True)
/media/3Tdisk/ns3-TON/ns3/ns-3.14.1/src/internet/bindings/modulegen__gcc_LP64.py:7109: Warning: exception TypeLookupError(['std::pair< double, double >'],) in wrapper <pybindgen.cppmethod.CppConstructor object at 0x2dbe6d0>
  cls.add_constructor([param('std::pair< double, double >', 'params')])
/media/3Tdisk/ns3-TON/ns3/ns-3.14.1/src/internet/bindings/modulegen__gcc_LP64.py:7111: Warning: exception TypeLookupError(['std::pair< double, double >'],) in wrapper <pybindgen.cppmethod.CppConstructor object at 0x2dbe710>
  cls.add_constructor([param('std::pair< double, double >', 'params'), param('double', 'b')])
/media/3Tdisk/ns3-TON/ns3/ns-3.14.1/src/internet/bindings/modulegen__gcc_LP64.py:7159: Warning: exception TypeConfigurationError('direction not given',) in wrapper public: retval? ???::Write (params?);
  [param('ns3::Time', 't'), param('uint8_t const *', 'buffer'), param('uint32_t', 'length')])
/media/3Tdisk/ns3-TON/ns3/ns-3.14.1/src/internet/bindings/modulegen__gcc_LP64.py:7452: Warning: exception TypeConfigurationError('direction not given',) in wrapper public: retval? ???::Recv (params?);
  [param('uint8_t *', 'buf'), param('uint32_t', 'size'), param('uint32_t', 'flags')])
/media/3Tdisk/ns3-TON/ns3/ns-3.14.1/src/internet/bindings/modulegen__gcc_LP64.py:7465: Warning: exception TypeConfigurationError('direction not given',) in wrapper public: retval? ???::RecvFrom (params?);
  [param('uint8_t *', 'buf'), param('uint32_t', 'size'), param('uint32_t', 'flags'), param('ns3::Address &', 'fromAddress')])
/media/3Tdisk/ns3-TON/ns3/ns-3.14.1/src/internet/bindings/modulegen__gcc_LP64.py:7478: Warning: exception TypeConfigurationError('direction not given',) in wrapper public: retval? ???::Send (params?);
  [param('uint8_t const *', 'buf'), param('uint32_t', 'size'), param('uint32_t', 'flags')])
/media/3Tdisk/ns3-TON/ns3/ns-3.14.1/src/internet/bindings/modulegen__gcc_LP64.py:7487: Warning: exception TypeConfigurationError('direction not given',) in wrapper public: retval? ???::SendTo (params?);
  [param('uint8_t const *', 'buf'), param('uint32_t', 'size'), param('uint32_t', 'flags'), param('ns3::Address const &', 'address')])
/media/3Tdisk/ns3-TON/ns3/ns-3.14.1/src/internet/bindings/modulegen__gcc_LP64.py:7617: Warning: exception TypeLookupError(['std::ostream &'],) in wrapper public: virtual retval? ???::Print (params?) const;
  is_const=True, is_virtual=True)
/media/3Tdisk/ns3-TON/ns3/ns-3.14.1/src/internet/bindings/modulegen__gcc_LP64.py:7680: Warning: exception TypeLookupError(['std::ostream &'],) in wrapper public: virtual retval? ???::Print (params?) const;
  is_const=True, is_virtual=True)
/media/3Tdisk/ns3-TON/ns3/ns-3.14.1/src/internet/bindings/modulegen__gcc_LP64.py:7734: Warning: exception TypeLookupError(['std::ostream &'],) in wrapper public: virtual retval? ???::Print (params?) const;
  is_const=True, is_virtual=True)
/media/3Tdisk/ns3-TON/ns3/ns-3.14.1/src/internet/bindings/modulegen__gcc_LP64.py:7832: Warning: exception TypeLookupError(['std::ostream &'],) in wrapper public: virtual retval? ???::Print (params?) const;
  is_const=True, is_virtual=True)
bindings/python/ns3modulegen-modular.py:27: UserWarning: exception TypeLookupError(['char * [ 11 ]'],) in wrapper None
  warnings.warn("exception %r in wrapper %s" % (exception, wrapper))
/media/3Tdisk/ns3-TON/ns3/ns-3.14.1/src/internet/bindings/modulegen__gcc_LP64.py:8216: Warning: exception TypeLookupError(['std::ostream &'],) in wrapper public: virtual retval? ???::Print (params?) const = 0;
  is_pure_virtual=True, is_const=True, is_virtual=True)
/media/3Tdisk/ns3-TON/ns3/ns-3.14.1/src/internet/bindings/modulegen__gcc_LP64.py:8284: Warning: exception TypeLookupError(['std::ostream &'],) in wrapper public: virtual retval? ???::Print (params?) const;
  is_const=True, is_virtual=True)
/media/3Tdisk/ns3-TON/ns3/ns-3.14.1/src/internet/bindings/modulegen__gcc_LP64.py:8400: Warning: exception TypeConfigurationError('Either caller_owns_return or self.reference_existing_object must be given',) in wrapper public: retval? ???::Add (params?);
  [param('ns3::Ipv4Address', 'to')])
/media/3Tdisk/ns3-TON/ns3/ns-3.14.1/src/internet/bindings/modulegen__gcc_LP64.py:8438: Warning: exception TypeConfigurationError('Either caller_owns_return or self.reference_existing_object must be given',) in wrapper public: retval? ???::Lookup (params?);
  [param('ns3::Ipv4Address', 'destination')])
/media/3Tdisk/ns3-TON/ns3/ns-3.14.1/src/internet/bindings/modulegen__gcc_LP64.py:8474: Warning: exception TypeConfigurationError('Missing transfer_ownership option',) in wrapper <pybindgen.cppmethod.CppConstructor object at 0x33d0110>
  cls.add_constructor([param('ns3::ArpCache *', 'arp')])
/media/3Tdisk/ns3-TON/ns3/ns-3.14.1/src/internet/bindings/modulegen__gcc_LP64.py:8596: Warning: exception TypeLookupError(['std::ostream &'],) in wrapper public: virtual retval? ???::Print (params?) const;
  is_const=True, is_virtual=True)
/media/3Tdisk/ns3-TON/ns3/ns-3.14.1/src/internet/bindings/modulegen__gcc_LP64.py:8647: Warning: exception TypeConfigurationError('Missing transfer_ownership option',) in wrapper public: retval? ???::Lookup (params?);
  [param('ns3::Ptr< ns3::Packet >', 'p'), param('ns3::Ipv4Address', 'destination'), param('ns3::Ptr< ns3::NetDevice >', 'device'), param('ns3::Ptr< ns3::ArpCache >', 'cache'), param('ns3::Address *', 'hardwareDestination')])
/media/3Tdisk/ns3-TON/ns3/ns-3.14.1/src/internet/bindings/modulegen__gcc_LP64.py:8967: Warning: exception TypeLookupError(['std::ostream &'],) in wrapper public: virtual retval? ???::Print (params?) const;
  is_const=True, is_virtual=True)
/media/3Tdisk/ns3-TON/ns3/ns-3.14.1/src/internet/bindings/modulegen__gcc_LP64.py:9020: Warning: exception TypeLookupError(['std::ostream &'],) in wrapper public: virtual retval? ???::Print (params?) const;
  is_const=True, is_virtual=True)
/media/3Tdisk/ns3-TON/ns3/ns-3.14.1/src/internet/bindings/modulegen__gcc_LP64.py:9045: Warning: exception TypeLookupError(['ns3::Callback< void, ns3::Ptr< ns3::Packet >, ns3::Ipv4Address, ns3::Ipv4Address, unsigned char, ns3::Ptr< ns3::Ipv4Route >, ns3::empty, ns3::empty, ns3::empty, ns3::empty >'],) in wrapper public: virtual retval? ???::GetDownTarget (params?) const = 0;
  is_pure_virtual=True, is_const=True, is_virtual=True)
/media/3Tdisk/ns3-TON/ns3/ns-3.14.1/src/internet/bindings/modulegen__gcc_LP64.py:9050: Warning: exception TypeLookupError(['ns3::Callback< void, ns3::Ptr< ns3::Packet >, ns3::Ipv6Address, ns3::Ipv6Address, unsigned char, ns3::Ptr< ns3::Ipv6Route >, ns3::empty, ns3::empty, ns3::empty, ns3::empty >'],) in wrapper public: virtual retval? ???::GetDownTarget6 (params?) const = 0;
  is_pure_virtual=True, is_const=True, is_virtual=True)
/media/3Tdisk/ns3-TON/ns3/ns-3.14.1/src/internet/bindings/modulegen__gcc_LP64.py:9075: Warning: exception TypeConfigurationError('direction not given',) in wrapper public: virtual retval? ???::ReceiveIcmp (params?);
  is_virtual=True)
/media/3Tdisk/ns3-TON/ns3/ns-3.14.1/src/internet/bindings/modulegen__gcc_LP64.py:9080: Warning: exception TypeConfigurationError('direction not given',) in wrapper public: virtual retval? ???::ReceiveIcmp (params?);
  is_virtual=True)
/media/3Tdisk/ns3-TON/ns3/ns-3.14.1/src/internet/bindings/modulegen__gcc_LP64.py:9900: Warning: exception TypeLookupError(['ns3::Callback< void, ns3::Ptr< ns3::Ipv4Route >, ns3::Ptr< ns3::Packet const >, ns3::Ipv4Header const &, ns3::empty, ns3::empty, ns3::empty, ns3::empty, ns3::empty, ns3::empty >'],) in wrapper public: virtual retval? ???::RouteInput (params?) = 0;
  is_pure_virtual=True, is_virtual=True)
/media/3Tdisk/ns3-TON/ns3/ns-3.14.1/src/internet/bindings/modulegen__gcc_LP64.py:10013: Warning: exception TypeLookupError(['ns3::Callback< void, ns3::Ptr< ns3::Ipv4Route >, ns3::Ptr< ns3::Packet const >, ns3::Ipv4Header const &, ns3::empty, ns3::empty, ns3::empty, ns3::empty, ns3::empty, ns3::empty >'],) in wrapper public: virtual retval? ???::RouteInput (params?);
  is_virtual=True)
/media/3Tdisk/ns3-TON/ns3/ns-3.14.1/src/internet/bindings/modulegen__gcc_LP64.py:10242: Warning: exception TypeLookupError(['std::ostream &'],) in wrapper public: virtual retval? ???::Print (params?) const;
  is_const=True, is_virtual=True)
/media/3Tdisk/ns3-TON/ns3/ns-3.14.1/src/internet/bindings/modulegen__gcc_LP64.py:10279: Warning: exception TypeLookupError(['std::ostream &'],) in wrapper public: virtual retval? ???::Print (params?) const;
  is_const=True, is_virtual=True)
/media/3Tdisk/ns3-TON/ns3/ns-3.14.1/src/internet/bindings/modulegen__gcc_LP64.py:10316: Warning: exception TypeLookupError(['std::ostream &'],) in wrapper public: virtual retval? ???::Print (params?) const;
  is_const=True, is_virtual=True)
/media/3Tdisk/ns3-TON/ns3/ns-3.14.1/src/internet/bindings/modulegen__gcc_LP64.py:10368: Warning: exception TypeLookupError(['std::ostream &'],) in wrapper public: virtual retval? ???::Print (params?) const;
  is_const=True, is_virtual=True)
/media/3Tdisk/ns3-TON/ns3/ns-3.14.1/src/internet/bindings/modulegen__gcc_LP64.py:10427: Warning: exception TypeLookupError(['std::ostream &'],) in wrapper public: virtual retval? ???::Print (params?) const;
  is_const=True, is_virtual=True)
/media/3Tdisk/ns3-TON/ns3/ns-3.14.1/src/internet/bindings/modulegen__gcc_LP64.py:10993: Warning: exception TypeLookupError(['ns3::Callback< void, ns3::Ptr< ns3::Ipv6Route >, ns3::Ptr< ns3::Packet const >, ns3::Ipv6Header const &, ns3::empty, ns3::empty, ns3::empty, ns3::empty, ns3::empty, ns3::empty >'],) in wrapper public: virtual retval? ???::RouteInput (params?) = 0;
  is_pure_virtual=True, is_virtual=True)
/media/3Tdisk/ns3-TON/ns3/ns-3.14.1/src/internet/bindings/modulegen__gcc_LP64.py:11128: Warning: exception TypeLookupError(['ns3::Callback< void, ns3::Ptr< ns3::Ipv6Route >, ns3::Ptr< ns3::Packet const >, ns3::Ipv6Header const &, ns3::empty, ns3::empty, ns3::empty, ns3::empty, ns3::empty, ns3::empty >'],) in wrapper public: virtual retval? ???::RouteInput (params?);
  is_virtual=True)
/media/3Tdisk/ns3-TON/ns3/ns-3.14.1/src/internet/bindings/modulegen__gcc_LP64.py:11200: Warning: exception TypeConfigurationError('Either caller_owns_return or self.reference_existing_object must be given',) in wrapper public: retval? ???::Add (params?);
  [param('ns3::Ipv6Address', 'to')])
/media/3Tdisk/ns3-TON/ns3/ns-3.14.1/src/internet/bindings/modulegen__gcc_LP64.py:11227: Warning: exception TypeConfigurationError('Either caller_owns_return or self.reference_existing_object must be given',) in wrapper public: retval? ???::Lookup (params?);
  [param('ns3::Ipv6Address', 'dst')])
/media/3Tdisk/ns3-TON/ns3/ns-3.14.1/src/internet/bindings/modulegen__gcc_LP64.py:11231: Warning: exception TypeConfigurationError('Missing transfer_ownership option',) in wrapper public: retval? ???::Remove (params?);
  [param('ns3::NdiscCache::Entry *', 'entry')])
/media/3Tdisk/ns3-TON/ns3/ns-3.14.1/src/internet/bindings/modulegen__gcc_LP64.py:11253: Warning: exception TypeConfigurationError('Missing transfer_ownership option',) in wrapper <pybindgen.cppmethod.CppConstructor object at 0x4123cd0>
  cls.add_constructor([param('ns3::NdiscCache *', 'nd')])
/media/3Tdisk/ns3-TON/ns3/ns-3.14.1/src/internet/bindings/modulegen__gcc_LP64.py:11595: Warning: exception TypeLookupError(['ns3::Ptr< ns3::Application >', 'ns3::Application *'],) in wrapper public: retval? ???::AddApplication (params?);
  [param('ns3::Ptr< ns3::Application >', 'application')])
/media/3Tdisk/ns3-TON/ns3/ns-3.14.1/src/internet/bindings/modulegen__gcc_LP64.py:11609: Warning: exception TypeLookupError(['ns3::Ptr< ns3::Application >', 'ns3::Application *'],) in wrapper public: retval? ???::GetApplication (params?) const;
  is_const=True)
/media/3Tdisk/ns3-TON/ns3/ns-3.14.1/src/internet/bindings/modulegen__gcc_LP64.py:11643: Warning: exception TypeLookupError(['ns3::Callback< void, ns3::Ptr< ns3::NetDevice >, ns3::empty, ns3::empty, ns3::empty, ns3::empty, ns3::empty, ns3::empty, ns3::empty, ns3::empty >'],) in wrapper public: retval? ???::RegisterDeviceAdditionListener (params?);
  [param('ns3::Callback< void, ns3::Ptr< ns3::NetDevice >, ns3::empty, ns3::empty, ns3::empty, ns3::empty, ns3::empty, ns3::empty, ns3::empty, ns3::empty >', 'listener')])
/media/3Tdisk/ns3-TON/ns3/ns-3.14.1/src/internet/bindings/modulegen__gcc_LP64.py:11651: Warning: exception TypeLookupError(['ns3::Callback< void, ns3::Ptr< ns3::NetDevice >, ns3::empty, ns3::empty, ns3::empty, ns3::empty, ns3::empty, ns3::empty, ns3::empty, ns3::empty >'],) in wrapper public: retval? ???::UnregisterDeviceAdditionListener (params?);
  [param('ns3::Callback< void, ns3::Ptr< ns3::NetDevice >, ns3::empty, ns3::empty, ns3::empty, ns3::empty, ns3::empty, ns3::empty, ns3::empty, ns3::empty >', 'listener')])
/media/3Tdisk/ns3-TON/ns3/ns-3.14.1/src/internet/bindings/modulegen__gcc_LP64.py:11714: Warning: exception TypeLookupError(['std::ostream *'],) in wrapper <pybindgen.cppmethod.CppConstructor object at 0x432ec10>
  cls.add_constructor([param('std::ostream *', 'os')])
/media/3Tdisk/ns3-TON/ns3/ns-3.14.1/src/internet/bindings/modulegen__gcc_LP64.py:11718: Warning: exception TypeLookupError(['std::ostream *'],) in wrapper public: retval? ???::GetStream (params?);
  [])
/media/3Tdisk/ns3-TON/ns3/ns-3.14.1/src/internet/bindings/modulegen__gcc_LP64.py:11730: Warning: exception TypeConfigurationError('direction not given',) in wrapper <pybindgen.cppmethod.CppConstructor object at 0x4332990>
  cls.add_constructor([param('uint8_t const *', 'buffer'), param('uint32_t', 'size'), param('bool', 'magic')])
/media/3Tdisk/ns3-TON/ns3/ns-3.14.1/src/internet/bindings/modulegen__gcc_LP64.py:11732: Warning: exception TypeConfigurationError('direction not given',) in wrapper <pybindgen.cppmethod.CppConstructor object at 0x43329d0>
  cls.add_constructor([param('uint8_t const *', 'buffer'), param('uint32_t', 'size')])
/media/3Tdisk/ns3-TON/ns3/ns-3.14.1/src/internet/bindings/modulegen__gcc_LP64.py:11773: Warning: exception TypeConfigurationError('direction not given',) in wrapper public: retval? ???::CopyData (params?) const;
  is_const=True)
/media/3Tdisk/ns3-TON/ns3/ns-3.14.1/src/internet/bindings/modulegen__gcc_LP64.py:11778: Warning: exception TypeLookupError(['std::ostream *'],) in wrapper public: retval? ???::CopyData (params?) const;
  is_const=True)
/media/3Tdisk/ns3-TON/ns3/ns-3.14.1/src/internet/bindings/modulegen__gcc_LP64.py:11833: Warning: exception TypeLookupError(['uint8_t *'],) in wrapper public: retval? ???::PeekData (params?) const;
  deprecated=True, is_const=True)
/media/3Tdisk/ns3-TON/ns3/ns-3.14.1/src/internet/bindings/modulegen__gcc_LP64.py:11852: Warning: exception TypeLookupError(['std::ostream &'],) in wrapper public: retval? ???::Print (params?) const;
  is_const=True)
/media/3Tdisk/ns3-TON/ns3/ns-3.14.1/src/internet/bindings/modulegen__gcc_LP64.py:11857: Warning: exception TypeLookupError(['std::ostream &'],) in wrapper public: retval? ???::PrintByteTags (params?) const;
  is_const=True)
/media/3Tdisk/ns3-TON/ns3/ns-3.14.1/src/internet/bindings/modulegen__gcc_LP64.py:11862: Warning: exception TypeLookupError(['std::ostream &'],) in wrapper public: retval? ???::PrintPacketTags (params?) const;
  is_const=True)
/media/3Tdisk/ns3-TON/ns3/ns-3.14.1/src/internet/bindings/modulegen__gcc_LP64.py:11895: Warning: exception TypeConfigurationError('direction not given',) in wrapper public: retval? ???::Serialize (params?) const;
  is_const=True)
/media/3Tdisk/ns3-TON/ns3/ns-3.14.1/src/internet/bindings/modulegen__gcc_LP64.py:11972: Warning: exception TypeConfigurationError('Either caller_owns_return or self.reference_existing_object must be given',) in wrapper public: retval? ???::Allocate (params?);
  [])
/media/3Tdisk/ns3-TON/ns3/ns-3.14.1/src/internet/bindings/modulegen__gcc_LP64.py:11976: Warning: exception TypeConfigurationError('Either caller_owns_return or self.reference_existing_object must be given',) in wrapper public: retval? ???::Allocate (params?);
  [param('ns3::Ipv4Address', 'address')])
/media/3Tdisk/ns3-TON/ns3/ns-3.14.1/src/internet/bindings/modulegen__gcc_LP64.py:11980: Warning: exception TypeConfigurationError('Either caller_owns_return or self.reference_existing_object must be given',) in wrapper public: retval? ???::Allocate (params?);
  [param('uint16_t', 'port')])
/media/3Tdisk/ns3-TON/ns3/ns-3.14.1/src/internet/bindings/modulegen__gcc_LP64.py:11984: Warning: exception TypeConfigurationError('Either caller_owns_return or self.reference_existing_object must be given',) in wrapper public: retval? ???::Allocate (params?);
  [param('ns3::Ipv4Address', 'address'), param('uint16_t', 'port')])
/media/3Tdisk/ns3-TON/ns3/ns-3.14.1/src/internet/bindings/modulegen__gcc_LP64.py:11988: Warning: exception TypeConfigurationError('Either caller_owns_return or self.reference_existing_object must be given',) in wrapper public: retval? ???::Allocate (params?);
  [param('ns3::Ipv4Address', 'localAddress'), param('uint16_t', 'localPort'), param('ns3::Ipv4Address', 'peerAddress'), param('uint16_t', 'peerPort')])
/media/3Tdisk/ns3-TON/ns3/ns-3.14.1/src/internet/bindings/modulegen__gcc_LP64.py:11992: Warning: exception TypeLookupError(['ns3::Ipv6EndPoint *'],) in wrapper public: retval? ???::Allocate6 (params?);
  [])
/media/3Tdisk/ns3-TON/ns3/ns-3.14.1/src/internet/bindings/modulegen__gcc_LP64.py:11996: Warning: exception TypeLookupError(['ns3::Ipv6EndPoint *'],) in wrapper public: retval? ???::Allocate6 (params?);
  [param('ns3::Ipv6Address', 'address')])
/media/3Tdisk/ns3-TON/ns3/ns-3.14.1/src/internet/bindings/modulegen__gcc_LP64.py:12000: Warning: exception TypeLookupError(['ns3::Ipv6EndPoint *'],) in wrapper public: retval? ???::Allocate6 (params?);
  [param('uint16_t', 'port')])
/media/3Tdisk/ns3-TON/ns3/ns-3.14.1/src/internet/bindings/modulegen__gcc_LP64.py:12004: Warning: exception TypeLookupError(['ns3::Ipv6EndPoint *'],) in wrapper public: retval? ???::Allocate6 (params?);
  [param('ns3::Ipv6Address', 'address'), param('uint16_t', 'port')])
/media/3Tdisk/ns3-TON/ns3/ns-3.14.1/src/internet/bindings/modulegen__gcc_LP64.py:12008: Warning: exception TypeLookupError(['ns3::Ipv6EndPoint *'],) in wrapper public: retval? ???::Allocate6 (params?);
  [param('ns3::Ipv6Address', 'localAddress'), param('uint16_t', 'localPort'), param('ns3::Ipv6Address', 'peerAddress'), param('uint16_t', 'peerPort')])
/media/3Tdisk/ns3-TON/ns3/ns-3.14.1/src/internet/bindings/modulegen__gcc_LP64.py:12012: Warning: exception TypeConfigurationError('Missing transfer_ownership option',) in wrapper public: retval? ???::DeAllocate (params?);
  [param('ns3::Ipv4EndPoint *', 'endPoint')])
/media/3Tdisk/ns3-TON/ns3/ns-3.14.1/src/internet/bindings/modulegen__gcc_LP64.py:12016: Warning: exception TypeLookupError(['ns3::Ipv6EndPoint *'],) in wrapper public: retval? ???::DeAllocate (params?);
  [param('ns3::Ipv6EndPoint *', 'endPoint')])
/media/3Tdisk/ns3-TON/ns3/ns-3.14.1/src/internet/bindings/modulegen__gcc_LP64.py:12049: Warning: exception TypeLookupError(['ns3::Callback< void, ns3::Ptr< ns3::Packet >, ns3::Ipv4Address, ns3::Ipv4Address, unsigned char, ns3::Ptr< ns3::Ipv4Route >, ns3::empty, ns3::empty, ns3::empty, ns3::empty >'],) in wrapper public: virtual retval? ???::GetDownTarget (params?) const;
  is_const=True, is_virtual=True)
/media/3Tdisk/ns3-TON/ns3/ns-3.14.1/src/internet/bindings/modulegen__gcc_LP64.py:12054: Warning: exception TypeLookupError(['ns3::Callback< void, ns3::Ptr< ns3::Packet >, ns3::Ipv6Address, ns3::Ipv6Address, unsigned char, ns3::Ptr< ns3::Ipv6Route >, ns3::empty, ns3::empty, ns3::empty, ns3::empty >'],) in wrapper public: virtual retval? ???::GetDownTarget6 (params?) const;
  is_const=True, is_virtual=True)
/media/3Tdisk/ns3-TON/ns3/ns-3.14.1/src/internet/bindings/modulegen__gcc_LP64.py:12173: Warning: exception TypeConfigurationError('Either caller_owns_return or self.reference_existing_object must be given',) in wrapper public: retval? ???::Allocate (params?);
  [])
/media/3Tdisk/ns3-TON/ns3/ns-3.14.1/src/internet/bindings/modulegen__gcc_LP64.py:12177: Warning: exception TypeConfigurationError('Either caller_owns_return or self.reference_existing_object must be given',) in wrapper public: retval? ???::Allocate (params?);
  [param('ns3::Ipv4Address', 'address')])
/media/3Tdisk/ns3-TON/ns3/ns-3.14.1/src/internet/bindings/modulegen__gcc_LP64.py:12181: Warning: exception TypeConfigurationError('Either caller_owns_return or self.reference_existing_object must be given',) in wrapper public: retval? ???::Allocate (params?);
  [param('uint16_t', 'port')])
/media/3Tdisk/ns3-TON/ns3/ns-3.14.1/src/internet/bindings/modulegen__gcc_LP64.py:12185: Warning: exception TypeConfigurationError('Either caller_owns_return or self.reference_existing_object must be given',) in wrapper public: retval? ???::Allocate (params?);
  [param('ns3::Ipv4Address', 'address'), param('uint16_t', 'port')])
/media/3Tdisk/ns3-TON/ns3/ns-3.14.1/src/internet/bindings/modulegen__gcc_LP64.py:12189: Warning: exception TypeConfigurationError('Either caller_owns_return or self.reference_existing_object must be given',) in wrapper public: retval? ???::Allocate (params?);
  [param('ns3::Ipv4Address', 'localAddress'), param('uint16_t', 'localPort'), param('ns3::Ipv4Address', 'peerAddress'), param('uint16_t', 'peerPort')])
/media/3Tdisk/ns3-TON/ns3/ns-3.14.1/src/internet/bindings/modulegen__gcc_LP64.py:12193: Warning: exception TypeLookupError(['ns3::Ipv6EndPoint *'],) in wrapper public: retval? ???::Allocate6 (params?);
  [])
/media/3Tdisk/ns3-TON/ns3/ns-3.14.1/src/internet/bindings/modulegen__gcc_LP64.py:12197: Warning: exception TypeLookupError(['ns3::Ipv6EndPoint *'],) in wrapper public: retval? ???::Allocate6 (params?);
  [param('ns3::Ipv6Address', 'address')])
/media/3Tdisk/ns3-TON/ns3/ns-3.14.1/src/internet/bindings/modulegen__gcc_LP64.py:12201: Warning: exception TypeLookupError(['ns3::Ipv6EndPoint *'],) in wrapper public: retval? ???::Allocate6 (params?);
  [param('uint16_t', 'port')])
/media/3Tdisk/ns3-TON/ns3/ns-3.14.1/src/internet/bindings/modulegen__gcc_LP64.py:12205: Warning: exception TypeLookupError(['ns3::Ipv6EndPoint *'],) in wrapper public: retval? ???::Allocate6 (params?);
  [param('ns3::Ipv6Address', 'address'), param('uint16_t', 'port')])
/media/3Tdisk/ns3-TON/ns3/ns-3.14.1/src/internet/bindings/modulegen__gcc_LP64.py:12209: Warning: exception TypeLookupError(['ns3::Ipv6EndPoint *'],) in wrapper public: retval? ???::Allocate6 (params?);
  [param('ns3::Ipv6Address', 'localAddress'), param('uint16_t', 'localPort'), param('ns3::Ipv6Address', 'peerAddress'), param('uint16_t', 'peerPort')])
/media/3Tdisk/ns3-TON/ns3/ns-3.14.1/src/internet/bindings/modulegen__gcc_LP64.py:12213: Warning: exception TypeConfigurationError('Missing transfer_ownership option',) in wrapper public: retval? ???::DeAllocate (params?);
  [param('ns3::Ipv4EndPoint *', 'endPoint')])
/media/3Tdisk/ns3-TON/ns3/ns-3.14.1/src/internet/bindings/modulegen__gcc_LP64.py:12217: Warning: exception TypeLookupError(['ns3::Ipv6EndPoint *'],) in wrapper public: retval? ???::DeAllocate (params?);
  [param('ns3::Ipv6EndPoint *', 'endPoint')])
/media/3Tdisk/ns3-TON/ns3/ns-3.14.1/src/internet/bindings/modulegen__gcc_LP64.py:12248: Warning: exception TypeConfigurationError('direction not given',) in wrapper public: virtual retval? ???::ReceiveIcmp (params?);
  is_virtual=True)
/media/3Tdisk/ns3-TON/ns3/ns-3.14.1/src/internet/bindings/modulegen__gcc_LP64.py:12253: Warning: exception TypeConfigurationError('direction not given',) in wrapper public: virtual retval? ???::ReceiveIcmp (params?);
  is_virtual=True)
/media/3Tdisk/ns3-TON/ns3/ns-3.14.1/src/internet/bindings/modulegen__gcc_LP64.py:12268: Warning: exception TypeLookupError(['ns3::Callback< void, ns3::Ptr< ns3::Packet >, ns3::Ipv4Address, ns3::Ipv4Address, unsigned char, ns3::Ptr< ns3::Ipv4Route >, ns3::empty, ns3::empty, ns3::empty, ns3::empty >'],) in wrapper public: virtual retval? ???::GetDownTarget (params?) const;
  is_const=True, is_virtual=True)
/media/3Tdisk/ns3-TON/ns3/ns-3.14.1/src/internet/bindings/modulegen__gcc_LP64.py:12273: Warning: exception TypeLookupError(['ns3::Callback< void, ns3::Ptr< ns3::Packet >, ns3::Ipv6Address, ns3::Ipv6Address, unsigned char, ns3::Ptr< ns3::Ipv6Route >, ns3::empty, ns3::empty, ns3::empty, ns3::empty >'],) in wrapper public: virtual retval? ???::GetDownTarget6 (params?) const;
  is_const=True, is_virtual=True)
/media/3Tdisk/ns3-TON/ns3/ns-3.14.1/src/internet/bindings/modulegen__gcc_LP64.py:12533: Warning: exception TypeLookupError(['ns3::Callback< void, ns3::Ptr< ns3::Packet >, ns3::Ipv4Address, ns3::Ipv4Address, unsigned char, ns3::Ptr< ns3::Ipv4Route >, ns3::empty, ns3::empty, ns3::empty, ns3::empty >'],) in wrapper public: virtual retval? ???::GetDownTarget (params?) const;
  is_const=True, is_virtual=True)
/media/3Tdisk/ns3-TON/ns3/ns-3.14.1/src/internet/bindings/modulegen__gcc_LP64.py:12538: Warning: exception TypeLookupError(['ns3::Callback< void, ns3::Ptr< ns3::Packet >, ns3::Ipv6Address, ns3::Ipv6Address, unsigned char, ns3::Ptr< ns3::Ipv6Route >, ns3::empty, ns3::empty, ns3::empty, ns3::empty >'],) in wrapper public: virtual retval? ???::GetDownTarget6 (params?) const;
  is_const=True, is_virtual=True)
/media/3Tdisk/ns3-TON/ns3/ns-3.14.1/src/internet/bindings/modulegen__gcc_LP64.py:12624: Warning: exception TypeConfigurationError('Missing transfer_ownership option',) in wrapper public: retval? ???::ForgeNA (params?);
  [param('ns3::Ipv6Address', 'src'), param('ns3::Ipv6Address', 'dst'), param('ns3::Address *', 'hardwareAddress'), param('uint8_t', 'flags')])
/media/3Tdisk/ns3-TON/ns3/ns-3.14.1/src/internet/bindings/modulegen__gcc_LP64.py:12637: Warning: exception TypeConfigurationError('Missing transfer_ownership option',) in wrapper public: retval? ???::FunctionDadTimeout (params?);
  is_static=True)
/media/3Tdisk/ns3-TON/ns3/ns-3.14.1/src/internet/bindings/modulegen__gcc_LP64.py:12666: Warning: exception TypeConfigurationError('Missing transfer_ownership option',) in wrapper public: retval? ???::Lookup (params?);
  [param('ns3::Ipv6Address', 'dst'), param('ns3::Ptr< ns3::NetDevice >', 'device'), param('ns3::Ptr< ns3::NdiscCache >', 'cache'), param('ns3::Address *', 'hardwareDestination')])
/media/3Tdisk/ns3-TON/ns3/ns-3.14.1/src/internet/bindings/modulegen__gcc_LP64.py:12670: Warning: exception TypeConfigurationError('Missing transfer_ownership option',) in wrapper public: retval? ???::Lookup (params?);
  [param('ns3::Ptr< ns3::Packet >', 'p'), param('ns3::Ipv6Address', 'dst'), param('ns3::Ptr< ns3::NetDevice >', 'device'), param('ns3::Ptr< ns3::NdiscCache >', 'cache'), param('ns3::Address *', 'hardwareDestination')])
/media/3Tdisk/ns3-TON/ns3/ns-3.14.1/src/internet/bindings/modulegen__gcc_LP64.py:12717: Warning: exception TypeConfigurationError('Missing transfer_ownership option',) in wrapper public: retval? ???::SendNA (params?);
  [param('ns3::Ipv6Address', 'src'), param('ns3::Ipv6Address', 'dst'), param('ns3::Address *', 'hardwareAddress'), param('uint8_t', 'flags')])
/media/3Tdisk/ns3-TON/ns3/ns-3.14.1/src/internet/bindings/modulegen__gcc_LP64.py:12779: Warning: exception TypeLookupError(['ns3::Callback< void, ns3::Ptr< ns3::Packet >, ns3::Ipv4Address, ns3::Ipv4Address, unsigned char, ns3::Ptr< ns3::Ipv4Route >, ns3::empty, ns3::empty, ns3::empty, ns3::empty >'],) in wrapper private: virtual retval? ???::GetDownTarget (params?) const;
  is_const=True, visibility='private', is_virtual=True)
/media/3Tdisk/ns3-TON/ns3/ns-3.14.1/src/internet/bindings/modulegen__gcc_LP64.py:12784: Warning: exception TypeLookupError(['ns3::Callback< void, ns3::Ptr< ns3::Packet >, ns3::Ipv6Address, ns3::Ipv6Address, unsigned char, ns3::Ptr< ns3::Ipv6Route >, ns3::empty, ns3::empty, ns3::empty, ns3::empty >'],) in wrapper private: virtual retval? ???::GetDownTarget6 (params?) const;
  is_const=True, visibility='private', is_virtual=True)
/media/3Tdisk/ns3-TON/ns3/ns-3.14.1/src/internet/bindings/modulegen__gcc_LP64.py:12870: Warning: exception TypeLookupError(['ns3::Callback< void, ns3::Ptr< ns3::Ipv4Route >, ns3::Ptr< ns3::Packet const >, ns3::Ipv4Header const &, ns3::empty, ns3::empty, ns3::empty, ns3::empty, ns3::empty, ns3::empty >'],) in wrapper public: virtual retval? ???::RouteInput (params?);
  is_virtual=True)
/media/3Tdisk/ns3-TON/ns3/ns-3.14.1/src/internet/bindings/modulegen__gcc_LP64.py:12942: Warning: exception TypeLookupError(['ns3::Callback< void, ns3::Ptr< ns3::Ipv4Route >, ns3::Ptr< ns3::Packet const >, ns3::Ipv4Header const &, ns3::empty, ns3::empty, ns3::empty, ns3::empty, ns3::empty, ns3::empty >'],) in wrapper public: virtual retval? ???::RouteInput (params?);
  is_virtual=True)
/media/3Tdisk/ns3-TON/ns3/ns-3.14.1/src/internet/bindings/modulegen__gcc_LP64.py:13029: Warning: exception TypeLookupError(['ns3::Callback< void, ns3::Ptr< ns3::Ipv6Route >, ns3::Ptr< ns3::Packet const >, ns3::Ipv6Header const &, ns3::empty, ns3::empty, ns3::empty, ns3::empty, ns3::empty, ns3::empty >'],) in wrapper public: virtual retval? ???::RouteInput (params?);
  is_virtual=True)
/media/3Tdisk/ns3-TON/ns3/pybindgen-0.15.0.809/pybindgen/cppclass_typehandlers.py:1134: UserWarning: Returning shared pointers is dangerous!  The C++ API should be redesigned to avoid this situation.
  warnings.warn("Returning shared pointers is dangerous!"
/media/3Tdisk/ns3-TON/ns3/ns-3.14.1/src/internet/bindings/modulegen__gcc_LP64.py:13056: Warning: exception NotSupportedError('Reverse wrappers for ns3::Callback<...> types (python using callbacks defined in C++) not implemented.',) in wrapper public: virtual void ns3::LoopbackNetDevice::AddLinkChangeCallback (ns3::Callback< void, ns3::empty, ns3::empty, ns3::empty, ns3::empty, ns3::empty, ns3::empty, ns3::empty, ns3::empty, ns3::empty > callback);
  is_virtual=True)
/media/3Tdisk/ns3-TON/ns3/ns-3.14.1/src/internet/bindings/modulegen__gcc_LP64.py:13166: Warning: exception NotSupportedError('Reverse wrappers for ns3::Callback<...> types (python using callbacks defined in C++) not implemented.',) in wrapper public: virtual void ns3::LoopbackNetDevice::SetPromiscReceiveCallback (ns3::Callback< bool, ns3::Ptr< ns3::NetDevice >, ns3::Ptr< ns3::Packet const >, unsigned short, ns3::Address const &, ns3::Address const &, ns3::NetDevice::PacketType, ns3::empty, ns3::empty, ns3::empty > cb);
  is_virtual=True)
/media/3Tdisk/ns3-TON/ns3/ns-3.14.1/src/internet/bindings/modulegen__gcc_LP64.py:13171: Warning: exception NotSupportedError('Reverse wrappers for ns3::Callback<...> types (python using callbacks defined in C++) not implemented.',) in wrapper public: virtual void ns3::LoopbackNetDevice::SetReceiveCallback (ns3::Callback< bool, ns3::Ptr< ns3::NetDevice >, ns3::Ptr< ns3::Packet const >, unsigned short, ns3::Address const &, ns3::empty, ns3::empty, ns3::empty, ns3::empty, ns3::empty > cb);
  is_virtual=True)
bindings/python/ns3modulegen-modular.py:27: UserWarning: exception CodeGenerationError('ns3::AsciiTraceHelperForIpv4 cannot be constructed (class has pure virtual methods)',) in wrapper <pybindgen.CppClass 'ns3::AsciiTraceHelperForIpv4'>
  warnings.warn("exception %r in wrapper %s" % (exception, wrapper))
bindings/python/ns3modulegen-modular.py:27: UserWarning: exception CodeGenerationError('ns3::AsciiTraceHelperForIpv6 cannot be constructed (class has pure virtual methods)',) in wrapper <pybindgen.CppClass 'ns3::AsciiTraceHelperForIpv6'>
  warnings.warn("exception %r in wrapper %s" % (exception, wrapper))
bindings/python/ns3modulegen-modular.py:27: UserWarning: exception CodeGenerationError('ns3::Ipv4RoutingHelper cannot be constructed (have pure virtual methods but no helper class)',) in wrapper <pybindgen.CppClass 'ns3::Ipv4RoutingHelper'>
  warnings.warn("exception %r in wrapper %s" % (exception, wrapper))
bindings/python/ns3modulegen-modular.py:27: UserWarning: exception CodeGenerationError('ns3::Ipv6RoutingHelper cannot be constructed (have pure virtual methods but no helper class)',) in wrapper <pybindgen.CppClass 'ns3::Ipv6RoutingHelper'>
  warnings.warn("exception %r in wrapper %s" % (exception, wrapper))
bindings/python/ns3modulegen-modular.py:27: UserWarning: exception CodeGenerationError('ns3::PcapHelperForIpv4 cannot be constructed (class has pure virtual methods)',) in wrapper <pybindgen.CppClass 'ns3::PcapHelperForIpv4'>
  warnings.warn("exception %r in wrapper %s" % (exception, wrapper))
bindings/python/ns3modulegen-modular.py:27: UserWarning: exception CodeGenerationError('ns3::PcapHelperForIpv6 cannot be constructed (class has pure virtual methods)',) in wrapper <pybindgen.CppClass 'ns3::PcapHelperForIpv6'>
  warnings.warn("exception %r in wrapper %s" % (exception, wrapper))
bindings/python/ns3modulegen-modular.py:27: UserWarning: exception CodeGenerationError('ns3::TcpSocket cannot be constructed (class has pure virtual methods)',) in wrapper <pybindgen.CppClass 'ns3::TcpSocket'>
  warnings.warn("exception %r in wrapper %s" % (exception, wrapper))
bindings/python/ns3modulegen-modular.py:27: UserWarning: exception CodeGenerationError('ns3::TcpSocketFactory cannot be constructed (have pure virtual methods but no helper class)',) in wrapper <pybindgen.CppClass 'ns3::TcpSocketFactory'>
  warnings.warn("exception %r in wrapper %s" % (exception, wrapper))
bindings/python/ns3modulegen-modular.py:27: UserWarning: exception CodeGenerationError('ns3::UdpSocket cannot be constructed (class has pure virtual methods)',) in wrapper <pybindgen.CppClass 'ns3::UdpSocket'>
  warnings.warn("exception %r in wrapper %s" % (exception, wrapper))
bindings/python/ns3modulegen-modular.py:27: UserWarning: exception CodeGenerationError('ns3::UdpSocketFactory cannot be constructed (have pure virtual methods but no helper class)',) in wrapper <pybindgen.CppClass 'ns3::UdpSocketFactory'>
  warnings.warn("exception %r in wrapper %s" % (exception, wrapper))
bindings/python/ns3modulegen-modular.py:27: UserWarning: exception CodeGenerationError('ns3::IpL4Protocol cannot be constructed (have pure virtual methods but no helper class)',) in wrapper <pybindgen.CppClass 'ns3::IpL4Protocol'>
  warnings.warn("exception %r in wrapper %s" % (exception, wrapper))
bindings/python/ns3modulegen-modular.py:27: UserWarning: exception CodeGenerationError('ns3::Ipv4 cannot be constructed (class has pure virtual methods)',) in wrapper <pybindgen.CppClass 'ns3::Ipv4'>
  warnings.warn("exception %r in wrapper %s" % (exception, wrapper))
bindings/python/ns3modulegen-modular.py:27: UserWarning: exception CodeGenerationError('ns3::Ipv4RawSocketFactory cannot be constructed (have pure virtual methods but no helper class)',) in wrapper <pybindgen.CppClass 'ns3::Ipv4RawSocketFactory'>
  warnings.warn("exception %r in wrapper %s" % (exception, wrapper))
bindings/python/ns3modulegen-modular.py:27: UserWarning: exception CodeGenerationError('ns3::Ipv4RoutingProtocol cannot be constructed (have pure virtual methods but no helper class)',) in wrapper <pybindgen.CppClass 'ns3::Ipv4RoutingProtocol'>
  warnings.warn("exception %r in wrapper %s" % (exception, wrapper))
bindings/python/ns3modulegen-modular.py:27: UserWarning: exception CodeGenerationError('ns3::Ipv6 cannot be constructed (class has pure virtual methods)',) in wrapper <pybindgen.CppClass 'ns3::Ipv6'>
  warnings.warn("exception %r in wrapper %s" % (exception, wrapper))
bindings/python/ns3modulegen-modular.py:27: UserWarning: exception CodeGenerationError('ns3::Ipv6RawSocketFactory cannot be constructed (have pure virtual methods but no helper class)',) in wrapper <pybindgen.CppClass 'ns3::Ipv6RawSocketFactory'>
  warnings.warn("exception %r in wrapper %s" % (exception, wrapper))
bindings/python/ns3modulegen-modular.py:27: UserWarning: exception CodeGenerationError('ns3::Ipv6RoutingProtocol cannot be constructed (have pure virtual methods but no helper class)',) in wrapper <pybindgen.CppClass 'ns3::Ipv6RoutingProtocol'>
  warnings.warn("exception %r in wrapper %s" % (exception, wrapper))
/media/3Tdisk/ns3-TON/ns3/ns-3.14.1/src/internet/bindings/modulegen__gcc_LP64.py:864: Warning: exception NotSupportedError('Reverse wrappers for ns3::Callback<...> types (python using callbacks defined in C++) not implemented.',) in wrapper public: virtual void ns3::LoopbackNetDevice::AddLinkChangeCallback (ns3::Callback< void, ns3::empty, ns3::empty, ns3::empty, ns3::empty, ns3::empty, ns3::empty, ns3::empty, ns3::empty, ns3::empty > callback);
  register_Ns3LoopbackNetDevice_methods(root_module, root_module['ns3::LoopbackNetDevice'])
/media/3Tdisk/ns3-TON/ns3/ns-3.14.1/src/internet/bindings/modulegen__gcc_LP64.py:864: Warning: exception NotSupportedError('Reverse wrappers for ns3::Callback<...> types (python using callbacks defined in C++) not implemented.',) in wrapper public: virtual void ns3::LoopbackNetDevice::SetPromiscReceiveCallback (ns3::Callback< bool, ns3::Ptr< ns3::NetDevice >, ns3::Ptr< ns3::Packet const >, unsigned short, ns3::Address const &, ns3::Address const &, ns3::NetDevice::PacketType, ns3::empty, ns3::empty, ns3::empty > cb);
  register_Ns3LoopbackNetDevice_methods(root_module, root_module['ns3::LoopbackNetDevice'])
/media/3Tdisk/ns3-TON/ns3/ns-3.14.1/src/internet/bindings/modulegen__gcc_LP64.py:864: Warning: exception NotSupportedError('Reverse wrappers for ns3::Callback<...> types (python using callbacks defined in C++) not implemented.',) in wrapper public: virtual void ns3::LoopbackNetDevice::SetReceiveCallback (ns3::Callback< bool, ns3::Ptr< ns3::NetDevice >, ns3::Ptr< ns3::Packet const >, unsigned short, ns3::Address const &, ns3::empty, ns3::empty, ns3::empty, ns3::empty, ns3::empty > cb);
  register_Ns3LoopbackNetDevice_methods(root_module, root_module['ns3::LoopbackNetDevice'])
