>>>>>>>>>>>>>>>> [['bool', 'ns3::Ptr<ns3::NetDevice>', 'ns3::Ptr<ns3::Packet const>', 'unsigned short', 'ns3::Address const&', 'ns3::Address const&', 'ns3::NetDevice::PacketType', 'ns3::empty', 'ns3::empty', 'ns3::empty'], ['bool', 'ns3::Ptr<ns3::NetDevice>', 'ns3::Ptr<ns3::Packet const>', 'unsigned short', 'ns3::Address const&', 'ns3::empty', 'ns3::empty', 'ns3::empty', 'ns3::empty', 'ns3::empty'], ['void', 'ns3::Ptr<ns3::NetDevice>', 'ns3::Ptr<ns3::Packet const>', 'unsigned short', 'ns3::Address const&', 'ns3::Address const&', 'ns3::NetDevice::PacketType', 'ns3::empty', 'ns3::empty', 'ns3::empty']]
/media/3Tdisk/ns3-TON/ns3/ns-3.14.1/bindings/python/ns3modulegen_core_customizations.py:69: DeprecationWarning: Typo: set_tranformation -> set_transformation
  handler.set_tranformation(self, orig_ctype)
/media/3Tdisk/ns3-TON/ns3/pybindgen-0.15.0.809/pybindgen/typehandlers/base.py:1059: DeprecationWarning: is_const is deprecated, put a 'const' in the C type instead.
  warnings.warn("is_const is deprecated, put a 'const' in the C type instead.", DeprecationWarning)
***** registering callback handler: 'ns3::Callback< bool, ns3::Ptr< ns3::NetDevice >, ns3::Ptr< ns3::Packet const >, unsigned short, ns3::Address const &, ns3::Address const &, ns3::NetDevice::PacketType, ns3::empty, ns3::empty, ns3::empty >'
***** registering callback handler: 'ns3::Callback< bool, ns3::Ptr< ns3::NetDevice >, ns3::Ptr< ns3::Packet const >, unsigned short, ns3::Address const &, ns3::empty, ns3::empty, ns3::empty, ns3::empty, ns3::empty >'
***** registering callback handler: 'ns3::Callback< void, ns3::Ptr< ns3::NetDevice >, ns3::Ptr< ns3::Packet const >, unsigned short, ns3::Address const &, ns3::Address const &, ns3::NetDevice::PacketType, ns3::empty, ns3::empty, ns3::empty >'
/media/3Tdisk/ns3-TON/ns3/ns-3.14.1/src/switched-ethernet/bindings/modulegen__gcc_LP64.py:426: Warning: exception TypeConfigurationError('direction not given',) in wrapper <pybindgen.cppmethod.CppConstructor object at 0x1b17810>
  cls.add_constructor([param('uint8_t', 'type'), param('uint8_t const *', 'buffer'), param('uint8_t', 'len')])
/media/3Tdisk/ns3-TON/ns3/ns-3.14.1/src/switched-ethernet/bindings/modulegen__gcc_LP64.py:437: Warning: exception TypeConfigurationError('direction not given',) in wrapper public: retval? ???::CopyAllFrom (params?);
  [param('uint8_t const *', 'buffer'), param('uint8_t', 'len')])
/media/3Tdisk/ns3-TON/ns3/ns-3.14.1/src/switched-ethernet/bindings/modulegen__gcc_LP64.py:442: Warning: exception TypeConfigurationError('direction not given',) in wrapper public: retval? ???::CopyAllTo (params?) const;
  is_const=True)
/media/3Tdisk/ns3-TON/ns3/ns-3.14.1/src/switched-ethernet/bindings/modulegen__gcc_LP64.py:446: Warning: exception TypeConfigurationError('direction not given',) in wrapper public: retval? ???::CopyFrom (params?);
  [param('uint8_t const *', 'buffer'), param('uint8_t', 'len')])
/media/3Tdisk/ns3-TON/ns3/ns-3.14.1/src/switched-ethernet/bindings/modulegen__gcc_LP64.py:451: Warning: exception TypeConfigurationError('direction not given',) in wrapper public: retval? ???::CopyTo (params?) const;
  is_const=True)
/media/3Tdisk/ns3-TON/ns3/ns-3.14.1/src/switched-ethernet/bindings/modulegen__gcc_LP64.py:620: Warning: exception TypeLookupError(['std::_List_const_iterator< ns3::AttributeConstructionList::Item >'],) in wrapper public: retval? ???::Begin (params?) const;
  is_const=True)
/media/3Tdisk/ns3-TON/ns3/ns-3.14.1/src/switched-ethernet/bindings/modulegen__gcc_LP64.py:625: Warning: exception TypeLookupError(['std::_List_const_iterator< ns3::AttributeConstructionList::Item >'],) in wrapper public: retval? ???::End (params?) const;
  is_const=True)
/media/3Tdisk/ns3-TON/ns3/ns-3.14.1/src/switched-ethernet/bindings/modulegen__gcc_LP64.py:676: Warning: exception TypeLookupError(['std::ostream *'],) in wrapper public: retval? ???::CopyData (params?) const;
  is_const=True)
/media/3Tdisk/ns3-TON/ns3/ns-3.14.1/src/switched-ethernet/bindings/modulegen__gcc_LP64.py:681: Warning: exception TypeConfigurationError('direction not given',) in wrapper public: retval? ???::CopyData (params?) const;
  is_const=True)
/media/3Tdisk/ns3-TON/ns3/ns-3.14.1/src/switched-ethernet/bindings/modulegen__gcc_LP64.py:695: Warning: exception TypeConfigurationError('direction not given',) in wrapper public: retval? ???::Deserialize (params?);
  [param('uint8_t const *', 'buffer'), param('uint32_t', 'size')])
/media/3Tdisk/ns3-TON/ns3/ns-3.14.1/src/switched-ethernet/bindings/modulegen__gcc_LP64.py:725: Warning: exception TypeLookupError(['uint8_t *'],) in wrapper public: retval? ???::PeekData (params?) const;
  is_const=True)
/media/3Tdisk/ns3-TON/ns3/ns-3.14.1/src/switched-ethernet/bindings/modulegen__gcc_LP64.py:738: Warning: exception TypeConfigurationError('direction not given',) in wrapper public: retval? ???::Serialize (params?) const;
  is_const=True)
/media/3Tdisk/ns3-TON/ns3/ns-3.14.1/src/switched-ethernet/bindings/modulegen__gcc_LP64.py:793: Warning: exception TypeConfigurationError('direction not given',) in wrapper public: retval? ???::Read (params?);
  [param('uint8_t *', 'buffer'), param('uint32_t', 'size')])
/media/3Tdisk/ns3-TON/ns3/ns-3.14.1/src/switched-ethernet/bindings/modulegen__gcc_LP64.py:837: Warning: exception TypeConfigurationError('direction not given',) in wrapper public: retval? ???::Write (params?);
  [param('uint8_t const *', 'buffer'), param('uint32_t', 'size')])
/media/3Tdisk/ns3-TON/ns3/ns-3.14.1/src/switched-ethernet/bindings/modulegen__gcc_LP64.py:1051: Warning: exception TypeLookupError(['ns3::Ptr< ns3::EventImpl > &'],) in wrapper <pybindgen.cppmethod.CppConstructor object at 0x1d4ca90>
  cls.add_constructor([param('ns3::Ptr< ns3::EventImpl > const &', 'impl'), param('uint64_t', 'ts'), param('uint32_t', 'context'), param('uint32_t', 'uid')])
/media/3Tdisk/ns3-TON/ns3/ns-3.14.1/src/switched-ethernet/bindings/modulegen__gcc_LP64.py:1085: Warning: exception TypeConfigurationError('Either caller_owns_return or self.reference_existing_object must be given',) in wrapper public: retval? ???::PeekEventImpl (params?) const;
  is_const=True)
/media/3Tdisk/ns3-TON/ns3/ns-3.14.1/src/switched-ethernet/bindings/modulegen__gcc_LP64.py:1115: Warning: exception TypeConfigurationError('direction not given',) in wrapper public: retval? ???::Deserialize (params?);
  is_static=True)
/media/3Tdisk/ns3-TON/ns3/ns-3.14.1/src/switched-ethernet/bindings/modulegen__gcc_LP64.py:1180: Warning: exception TypeLookupError(['std::ostream &'],) in wrapper public: retval? ???::Print (params?) const;
  is_const=True)
/media/3Tdisk/ns3-TON/ns3/ns-3.14.1/src/switched-ethernet/bindings/modulegen__gcc_LP64.py:1185: Warning: exception TypeConfigurationError('direction not given',) in wrapper public: retval? ???::Serialize (params?) const;
  is_const=True)
/media/3Tdisk/ns3-TON/ns3/ns-3.14.1/src/switched-ethernet/bindings/modulegen__gcc_LP64.py:1252: Warning: exception TypeLookupError(['std::ostream &'],) in wrapper public: retval? ???::Print (params?) const;
  is_const=True)
/media/3Tdisk/ns3-TON/ns3/ns-3.14.1/src/switched-ethernet/bindings/modulegen__gcc_LP64.py:1269: Warning: exception TypeConfigurationError('direction not given',) in wrapper <pybindgen.cppmethod.CppConstructor object at 0x1e44b10>
  cls.add_constructor([param('uint8_t *', 'address')])
/media/3Tdisk/ns3-TON/ns3/ns-3.14.1/src/switched-ethernet/bindings/modulegen__gcc_LP64.py:1287: Warning: exception TypeConfigurationError('direction not given',) in wrapper public: retval? ???::Deserialize (params?);
  is_static=True)
/media/3Tdisk/ns3-TON/ns3/ns-3.14.1/src/switched-ethernet/bindings/modulegen__gcc_LP64.py:1312: Warning: exception TypeConfigurationError('direction not given',) in wrapper public: retval? ???::GetBytes (params?) const;
  is_const=True)
/media/3Tdisk/ns3-TON/ns3/ns-3.14.1/src/switched-ethernet/bindings/modulegen__gcc_LP64.py:1397: Warning: exception TypeLookupError(['std::ostream &'],) in wrapper public: retval? ???::Print (params?) const;
  is_const=True)
/media/3Tdisk/ns3-TON/ns3/ns-3.14.1/src/switched-ethernet/bindings/modulegen__gcc_LP64.py:1402: Warning: exception TypeConfigurationError('direction not given',) in wrapper public: retval? ???::Serialize (params?) const;
  is_const=True)
/media/3Tdisk/ns3-TON/ns3/ns-3.14.1/src/switched-ethernet/bindings/modulegen__gcc_LP64.py:1410: Warning: exception TypeConfigurationError('direction not given',) in wrapper public: retval? ???::Set (params?);
  [param('uint8_t *', 'address')])
/media/3Tdisk/ns3-TON/ns3/ns-3.14.1/src/switched-ethernet/bindings/modulegen__gcc_LP64.py:1420: Warning: exception TypeConfigurationError('direction not given',) in wrapper <pybindgen.cppmethod.CppConstructor object at 0x1e5fc50>
  cls.add_constructor([param('uint8_t *', 'prefix')])
/media/3Tdisk/ns3-TON/ns3/ns-3.14.1/src/switched-ethernet/bindings/modulegen__gcc_LP64.py:1433: Warning: exception TypeConfigurationError('direction not given',) in wrapper public: retval? ???::GetBytes (params?) const;
  is_const=True)
/media/3Tdisk/ns3-TON/ns3/ns-3.14.1/src/switched-ethernet/bindings/modulegen__gcc_LP64.py:1468: Warning: exception TypeLookupError(['std::ostream &'],) in wrapper public: retval? ???::Print (params?) const;
  is_const=True)
/media/3Tdisk/ns3-TON/ns3/ns-3.14.1/src/switched-ethernet/bindings/modulegen__gcc_LP64.py:1495: Warning: exception TypeConfigurationError('direction not given',) in wrapper public: retval? ???::CopyFrom (params?);
  [param('uint8_t const *', 'buffer')])
/media/3Tdisk/ns3-TON/ns3/ns-3.14.1/src/switched-ethernet/bindings/modulegen__gcc_LP64.py:1500: Warning: exception TypeConfigurationError('direction not given',) in wrapper public: retval? ???::CopyTo (params?) const;
  is_const=True)
/media/3Tdisk/ns3-TON/ns3/ns-3.14.1/src/switched-ethernet/bindings/modulegen__gcc_LP64.py:1570: Warning: exception TypeLookupError(['__gnu_cxx::__normal_iterator< ns3::Ptr< ns3::NetDevice > const, std::vector< ns3::Ptr< ns3::NetDevice > > >'],) in wrapper public: retval? ???::Begin (params?) const;
  is_const=True)
/media/3Tdisk/ns3-TON/ns3/ns-3.14.1/src/switched-ethernet/bindings/modulegen__gcc_LP64.py:1575: Warning: exception TypeLookupError(['__gnu_cxx::__normal_iterator< ns3::Ptr< ns3::NetDevice > const, std::vector< ns3::Ptr< ns3::NetDevice > > >'],) in wrapper public: retval? ???::End (params?) const;
  is_const=True)
/media/3Tdisk/ns3-TON/ns3/ns-3.14.1/src/switched-ethernet/bindings/modulegen__gcc_LP64.py:1621: Warning: exception TypeLookupError(['__gnu_cxx::__normal_iterator< ns3::Ptr< ns3::Node > const, std::vector< ns3::Ptr< ns3::Node > > >'],) in wrapper public: retval? ???::Begin (params?) const;
  is_const=True)
/media/3Tdisk/ns3-TON/ns3/ns-3.14.1/src/switched-ethernet/bindings/modulegen__gcc_LP64.py:1634: Warning: exception TypeLookupError(['__gnu_cxx::__normal_iterator< ns3::Ptr< ns3::Node > const, std::vector< ns3::Ptr< ns3::Node > > >'],) in wrapper public: retval? ???::End (params?) const;
  is_const=True)
/media/3Tdisk/ns3-TON/ns3/pybindgen-0.15.0.809/pybindgen/settings.py:84: DeprecationWarning: The option pybindgen.settings.deprecated_virtuals has not been set.  I am going to assume the value of False, change it to True if it breaks your APIs. The option will eventually disappear (the deprecated behaviour will eventually disappear).
  DeprecationWarning)
/media/3Tdisk/ns3-TON/ns3/ns-3.14.1/src/switched-ethernet/bindings/modulegen__gcc_LP64.py:1722: Warning: exception TypeConfigurationError('Missing transfer_ownership option',) in wrapper public: retval? ???::Delete (params?);
  is_static=True)
/media/3Tdisk/ns3-TON/ns3/ns-3.14.1/src/switched-ethernet/bindings/modulegen__gcc_LP64.py:1795: Warning: exception TypeConfigurationError('direction not given',) in wrapper public: retval? ???::Deserialize (params?);
  [param('uint8_t const *', 'buffer'), param('uint32_t', 'size')])
/media/3Tdisk/ns3-TON/ns3/ns-3.14.1/src/switched-ethernet/bindings/modulegen__gcc_LP64.py:1836: Warning: exception TypeConfigurationError('direction not given',) in wrapper public: retval? ???::Serialize (params?) const;
  is_const=True)
bindings/python/ns3modulegen-modular.py:27: UserWarning: exception TypeLookupError(['uint8_t [ 20 ]'],) in wrapper None
  warnings.warn("exception %r in wrapper %s" % (exception, wrapper))
bindings/python/ns3modulegen-modular.py:27: UserWarning: exception TypeConfigurationError('Either caller_owns_return or self.reference_existing_object must be given',) in wrapper None
  warnings.warn("exception %r in wrapper %s" % (exception, wrapper))
/media/3Tdisk/ns3-TON/ns3/ns-3.14.1/src/switched-ethernet/bindings/modulegen__gcc_LP64.py:1963: Warning: exception TypeLookupError(['uint32_t &'],) in wrapper public: retval? ???::Diff (params?);
  is_static=True)
/media/3Tdisk/ns3-TON/ns3/ns-3.14.1/src/switched-ethernet/bindings/modulegen__gcc_LP64.py:2017: Warning: exception TypeConfigurationError('direction not given',) in wrapper public: retval? ???::Read (params?);
  [param('uint8_t * const', 'data'), param('uint32_t', 'maxBytes'), param('uint32_t &', 'tsSec'), param('uint32_t &', 'tsUsec'), param('uint32_t &', 'inclLen'), param('uint32_t &', 'origLen'), param('uint32_t &', 'readLen')])
/media/3Tdisk/ns3-TON/ns3/ns-3.14.1/src/switched-ethernet/bindings/modulegen__gcc_LP64.py:2021: Warning: exception TypeConfigurationError('direction not given',) in wrapper public: retval? ???::Write (params?);
  [param('uint32_t', 'tsSec'), param('uint32_t', 'tsUsec'), param('uint8_t const * const', 'data'), param('uint32_t', 'totalLen')])
/media/3Tdisk/ns3-TON/ns3/ns-3.14.1/src/switched-ethernet/bindings/modulegen__gcc_LP64.py:2189: Warning: exception TypeLookupError(['ns3::Ptr< ns3::SimulatorImpl >', 'ns3::SimulatorImpl *'],) in wrapper public: retval? ???::GetImplementation (params?);
  is_static=True)
/media/3Tdisk/ns3-TON/ns3/ns-3.14.1/src/switched-ethernet/bindings/modulegen__gcc_LP64.py:2234: Warning: exception TypeLookupError(['ns3::Ptr< ns3::SimulatorImpl >', 'ns3::SimulatorImpl *'],) in wrapper public: retval? ???::SetImplementation (params?);
  is_static=True)
/media/3Tdisk/ns3-TON/ns3/ns-3.14.1/src/switched-ethernet/bindings/modulegen__gcc_LP64.py:2367: Warning: exception TypeLookupError(['std::ostream &'],) in wrapper public: virtual retval? ???::Print (params?) const = 0;
  is_pure_virtual=True, is_const=True, is_virtual=True)
/media/3Tdisk/ns3-TON/ns3/ns-3.14.1/src/switched-ethernet/bindings/modulegen__gcc_LP64.py:2379: Warning: exception TypeConfigurationError('direction not given',) in wrapper <pybindgen.cppmethod.CppConstructor object at 0x2290090>
  cls.add_constructor([param('uint8_t *', 'start'), param('uint8_t *', 'end')])
/media/3Tdisk/ns3-TON/ns3/ns-3.14.1/src/switched-ethernet/bindings/modulegen__gcc_LP64.py:2387: Warning: exception TypeConfigurationError('direction not given',) in wrapper public: retval? ???::Read (params?);
  [param('uint8_t *', 'buffer'), param('uint32_t', 'size')])
/media/3Tdisk/ns3-TON/ns3/ns-3.14.1/src/switched-ethernet/bindings/modulegen__gcc_LP64.py:2415: Warning: exception TypeConfigurationError('direction not given',) in wrapper public: retval? ???::Write (params?);
  [param('uint8_t const *', 'buffer'), param('uint32_t', 'size')])
/media/3Tdisk/ns3-TON/ns3/ns-3.14.1/src/switched-ethernet/bindings/modulegen__gcc_LP64.py:2489: Warning: exception TypeLookupError(['ns3::Callback< ns3::ObjectBase *, ns3::empty, ns3::empty, ns3::empty, ns3::empty, ns3::empty, ns3::empty, ns3::empty, ns3::empty, ns3::empty >'],) in wrapper public: retval? ???::GetConstructor (params?) const;
  is_const=True)
/media/3Tdisk/ns3-TON/ns3/ns-3.14.1/src/switched-ethernet/bindings/modulegen__gcc_LP64.py:2553: Warning: exception TypeConfigurationError('Missing transfer_ownership option',) in wrapper public: retval? ???::LookupAttributeByName (params?) const;
  is_const=True)
bindings/python/ns3modulegen-modular.py:27: UserWarning: exception TypeLookupError(['short unsigned int'],) in wrapper None
  warnings.warn("exception %r in wrapper %s" % (exception, wrapper))
/media/3Tdisk/ns3-TON/ns3/ns-3.14.1/src/switched-ethernet/bindings/modulegen__gcc_LP64.py:2807: Warning: exception TypeLookupError(['std::ostream &'],) in wrapper public: virtual retval? ???::Print (params?) const = 0;
  is_pure_virtual=True, is_const=True, is_virtual=True)
/media/3Tdisk/ns3-TON/ns3/ns-3.14.1/src/switched-ethernet/bindings/modulegen__gcc_LP64.py:2915: Warning: exception TypeLookupError(['std::ostream &'],) in wrapper public: virtual retval? ???::Print (params?) const = 0;
  is_pure_virtual=True, is_const=True, is_virtual=True)
/media/3Tdisk/ns3-TON/ns3/ns-3.14.1/src/switched-ethernet/bindings/modulegen__gcc_LP64.py:3026: Warning: exception TypeLookupError(['std::pair< double, double >'],) in wrapper <pybindgen.cppmethod.CppConstructor object at 0x25abad0>
  cls.add_constructor([param('std::pair< double, double >', 'params')])
/media/3Tdisk/ns3-TON/ns3/ns-3.14.1/src/switched-ethernet/bindings/modulegen__gcc_LP64.py:3028: Warning: exception TypeLookupError(['std::pair< double, double >'],) in wrapper <pybindgen.cppmethod.CppConstructor object at 0x25abb10>
  cls.add_constructor([param('std::pair< double, double >', 'params'), param('double', 'b')])
/media/3Tdisk/ns3-TON/ns3/ns-3.14.1/src/switched-ethernet/bindings/modulegen__gcc_LP64.py:3076: Warning: exception TypeConfigurationError('direction not given',) in wrapper public: retval? ???::Write (params?);
  [param('ns3::Time', 't'), param('uint8_t const *', 'buffer'), param('uint32_t', 'length')])
/media/3Tdisk/ns3-TON/ns3/ns-3.14.1/src/switched-ethernet/bindings/modulegen__gcc_LP64.py:3423: Warning: exception TypeLookupError(['std::ostream &'],) in wrapper public: virtual retval? ???::Print (params?) const = 0;
  is_pure_virtual=True, is_const=True, is_virtual=True)
/media/3Tdisk/ns3-TON/ns3/ns-3.14.1/src/switched-ethernet/bindings/modulegen__gcc_LP64.py:3891: Warning: exception TypeLookupError(['ns3::Callback< void, ns3::empty, ns3::empty, ns3::empty, ns3::empty, ns3::empty, ns3::empty, ns3::empty, ns3::empty, ns3::empty >'],) in wrapper public: virtual retval? ???::AddLinkChangeCallback (params?) = 0;
  is_pure_virtual=True, is_virtual=True)
/media/3Tdisk/ns3-TON/ns3/ns-3.14.1/src/switched-ethernet/bindings/modulegen__gcc_LP64.py:4068: Warning: exception TypeLookupError(['ns3::Ptr< ns3::Application >', 'ns3::Application *'],) in wrapper public: retval? ???::AddApplication (params?);
  [param('ns3::Ptr< ns3::Application >', 'application')])
/media/3Tdisk/ns3-TON/ns3/ns-3.14.1/src/switched-ethernet/bindings/modulegen__gcc_LP64.py:4082: Warning: exception TypeLookupError(['ns3::Ptr< ns3::Application >', 'ns3::Application *'],) in wrapper public: retval? ???::GetApplication (params?) const;
  is_const=True)
/media/3Tdisk/ns3-TON/ns3/ns-3.14.1/src/switched-ethernet/bindings/modulegen__gcc_LP64.py:4116: Warning: exception TypeLookupError(['ns3::Callback< void, ns3::Ptr< ns3::NetDevice >, ns3::empty, ns3::empty, ns3::empty, ns3::empty, ns3::empty, ns3::empty, ns3::empty, ns3::empty >'],) in wrapper public: retval? ???::RegisterDeviceAdditionListener (params?);
  [param('ns3::Callback< void, ns3::Ptr< ns3::NetDevice >, ns3::empty, ns3::empty, ns3::empty, ns3::empty, ns3::empty, ns3::empty, ns3::empty, ns3::empty >', 'listener')])
/media/3Tdisk/ns3-TON/ns3/ns-3.14.1/src/switched-ethernet/bindings/modulegen__gcc_LP64.py:4124: Warning: exception TypeLookupError(['ns3::Callback< void, ns3::Ptr< ns3::NetDevice >, ns3::empty, ns3::empty, ns3::empty, ns3::empty, ns3::empty, ns3::empty, ns3::empty, ns3::empty >'],) in wrapper public: retval? ???::UnregisterDeviceAdditionListener (params?);
  [param('ns3::Callback< void, ns3::Ptr< ns3::NetDevice >, ns3::empty, ns3::empty, ns3::empty, ns3::empty, ns3::empty, ns3::empty, ns3::empty, ns3::empty >', 'listener')])
/media/3Tdisk/ns3-TON/ns3/ns-3.14.1/src/switched-ethernet/bindings/modulegen__gcc_LP64.py:4187: Warning: exception TypeLookupError(['std::ostream *'],) in wrapper <pybindgen.cppmethod.CppConstructor object at 0x2ad2750>
  cls.add_constructor([param('std::ostream *', 'os')])
/media/3Tdisk/ns3-TON/ns3/ns-3.14.1/src/switched-ethernet/bindings/modulegen__gcc_LP64.py:4191: Warning: exception TypeLookupError(['std::ostream *'],) in wrapper public: retval? ???::GetStream (params?);
  [])
/media/3Tdisk/ns3-TON/ns3/ns-3.14.1/src/switched-ethernet/bindings/modulegen__gcc_LP64.py:4203: Warning: exception TypeConfigurationError('direction not given',) in wrapper <pybindgen.cppmethod.CppConstructor object at 0x2ad44d0>
  cls.add_constructor([param('uint8_t const *', 'buffer'), param('uint32_t', 'size'), param('bool', 'magic')])
/media/3Tdisk/ns3-TON/ns3/ns-3.14.1/src/switched-ethernet/bindings/modulegen__gcc_LP64.py:4205: Warning: exception TypeConfigurationError('direction not given',) in wrapper <pybindgen.cppmethod.CppConstructor object at 0x2ad4510>
  cls.add_constructor([param('uint8_t const *', 'buffer'), param('uint32_t', 'size')])
/media/3Tdisk/ns3-TON/ns3/ns-3.14.1/src/switched-ethernet/bindings/modulegen__gcc_LP64.py:4246: Warning: exception TypeConfigurationError('direction not given',) in wrapper public: retval? ???::CopyData (params?) const;
  is_const=True)
/media/3Tdisk/ns3-TON/ns3/ns-3.14.1/src/switched-ethernet/bindings/modulegen__gcc_LP64.py:4251: Warning: exception TypeLookupError(['std::ostream *'],) in wrapper public: retval? ???::CopyData (params?) const;
  is_const=True)
/media/3Tdisk/ns3-TON/ns3/ns-3.14.1/src/switched-ethernet/bindings/modulegen__gcc_LP64.py:4306: Warning: exception TypeLookupError(['uint8_t *'],) in wrapper public: retval? ???::PeekData (params?) const;
  deprecated=True, is_const=True)
/media/3Tdisk/ns3-TON/ns3/ns-3.14.1/src/switched-ethernet/bindings/modulegen__gcc_LP64.py:4325: Warning: exception TypeLookupError(['std::ostream &'],) in wrapper public: retval? ???::Print (params?) const;
  is_const=True)
/media/3Tdisk/ns3-TON/ns3/ns-3.14.1/src/switched-ethernet/bindings/modulegen__gcc_LP64.py:4330: Warning: exception TypeLookupError(['std::ostream &'],) in wrapper public: retval? ???::PrintByteTags (params?) const;
  is_const=True)
/media/3Tdisk/ns3-TON/ns3/ns-3.14.1/src/switched-ethernet/bindings/modulegen__gcc_LP64.py:4335: Warning: exception TypeLookupError(['std::ostream &'],) in wrapper public: retval? ???::PrintPacketTags (params?) const;
  is_const=True)
/media/3Tdisk/ns3-TON/ns3/ns-3.14.1/src/switched-ethernet/bindings/modulegen__gcc_LP64.py:4368: Warning: exception TypeConfigurationError('direction not given',) in wrapper public: retval? ???::Serialize (params?) const;
  is_const=True)
/media/3Tdisk/ns3-TON/ns3/ns-3.14.1/src/switched-ethernet/bindings/modulegen__gcc_LP64.py:4521: Warning: exception TypeLookupError(['ns3::Ptr< ns3::Queue >', 'ns3::Queue *'],) in wrapper public: retval? ???::SetQueue (params?);
  [param('ns3::Ptr< ns3::Queue >', 'queue')])
/media/3Tdisk/ns3-TON/ns3/ns-3.14.1/src/switched-ethernet/bindings/modulegen__gcc_LP64.py:4526: Warning: exception TypeLookupError(['ns3::Ptr< ns3::Queue >', 'ns3::Queue *'],) in wrapper public: retval? ???::GetQueue (params?) const;
  is_const=True)
/media/3Tdisk/ns3-TON/ns3/ns-3.14.1/src/switched-ethernet/bindings/modulegen__gcc_LP64.py:4530: Warning: exception TypeLookupError(['ns3::Ptr< ns3::ErrorModel >', 'ns3::ErrorModel *'],) in wrapper public: retval? ???::SetReceiveErrorModel (params?);
  [param('ns3::Ptr< ns3::ErrorModel >', 'em')])
/media/3Tdisk/ns3-TON/ns3/ns-3.14.1/src/switched-ethernet/bindings/modulegen__gcc_LP64.py:4603: Warning: exception TypeLookupError(['ns3::Callback< void, ns3::empty, ns3::empty, ns3::empty, ns3::empty, ns3::empty, ns3::empty, ns3::empty, ns3::empty, ns3::empty >'],) in wrapper public: virtual retval? ???::AddLinkChangeCallback (params?);
  is_virtual=True)
/media/3Tdisk/ns3-TON/ns3/pybindgen-0.15.0.809/pybindgen/cppclass_typehandlers.py:1134: UserWarning: Returning shared pointers is dangerous!  The C++ API should be redesigned to avoid this situation.
  warnings.warn("Returning shared pointers is dangerous!"
