>>>>>>>>>>>>>>>> []
/media/3Tdisk/ns3-TON/ns3/ns-3.14.1/bindings/python/ns3modulegen_core_customizations.py:69: DeprecationWarning: Typo: set_tranformation -> set_transformation
  handler.set_tranformation(self, orig_ctype)
/media/3Tdisk/ns3-TON/ns3/ns-3.14.1/src/propagation/bindings/modulegen__gcc_LP64.py:311: Warning: exception TypeLookupError(['std::_List_const_iterator< ns3::AttributeConstructionList::Item >'],) in wrapper public: retval? ???::Begin (params?) const;
  is_const=True)
/media/3Tdisk/ns3-TON/ns3/ns-3.14.1/src/propagation/bindings/modulegen__gcc_LP64.py:316: Warning: exception TypeLookupError(['std::_List_const_iterator< ns3::AttributeConstructionList::Item >'],) in wrapper public: retval? ???::End (params?) const;
  is_const=True)
/media/3Tdisk/ns3-TON/ns3/pybindgen-0.15.0.809/pybindgen/settings.py:84: DeprecationWarning: The option pybindgen.settings.deprecated_virtuals has not been set.  I am going to assume the value of False, change it to True if it breaks your APIs. The option will eventually disappear (the deprecated behaviour will eventually disappear).
  DeprecationWarning)
/media/3Tdisk/ns3-TON/ns3/ns-3.14.1/src/propagation/bindings/modulegen__gcc_LP64.py:427: Warning: exception TypeConfigurationError('Missing transfer_ownership option',) in wrapper public: retval? ???::Delete (params?);
  is_static=True)
/media/3Tdisk/ns3-TON/ns3/ns-3.14.1/src/propagation/bindings/modulegen__gcc_LP64.py:563: Warning: exception TypeLookupError(['ns3::Callback< ns3::ObjectBase *, ns3::empty, ns3::empty, ns3::empty, ns3::empty, ns3::empty, ns3::empty, ns3::empty, ns3::empty, ns3::empty >'],) in wrapper public: retval? ???::GetConstructor (params?) const;
  is_const=True)
bindings/python/ns3modulegen-modular.py:27: UserWarning: exception TypeLookupError(['short unsigned int'],) in wrapper None
  warnings.warn("exception %r in wrapper %s" % (exception, wrapper))
/media/3Tdisk/ns3-TON/ns3/ns-3.14.1/src/propagation/bindings/modulegen__gcc_LP64.py:1075: Warning: exception TypeLookupError(['std::pair< double, double >'],) in wrapper <pybindgen.cppmethod.CppConstructor object at 0x2de9ed0>
  cls.add_constructor([param('std::pair< double, double >', 'params')])
/media/3Tdisk/ns3-TON/ns3/ns-3.14.1/src/propagation/bindings/modulegen__gcc_LP64.py:1077: Warning: exception TypeLookupError(['std::pair< double, double >'],) in wrapper <pybindgen.cppmethod.CppConstructor object at 0x2de9f10>
  cls.add_constructor([param('std::pair< double, double >', 'params'), param('double', 'b')])
/media/3Tdisk/ns3-TON/ns3/ns-3.14.1/src/propagation/bindings/modulegen__gcc_LP64.py:1866: Warning: exception TypeLookupError(['std::complex< double >'],) in wrapper public: retval? ???::GetComplexGain (params?) const;
  is_const=True)
bindings/python/ns3modulegen-modular.py:27: UserWarning: exception CodeGenerationError('ns3::PropagationDelayModel cannot be constructed (class has pure virtual methods)',) in wrapper <pybindgen.CppClass 'ns3::PropagationDelayModel'>
  warnings.warn("exception %r in wrapper %s" % (exception, wrapper))
